<?xml version="1.0" encoding="UTF-8"?>
<!-- Generated by org.testng.reporters.JUnitReportReporter -->
<testsuite hostname="DESKTOP-8T3JSI0" name="barley.analytics.datasource.rdbms.mysql.MySQLAnalyticsRecordStoreTest" tests="18" failures="18" timestamp="2 Aug 2019 06:33:10 GMT" time="0.011" errors="0">
  <testcase name="testMultipleDataRecordAddRetieveWithPagination1" time="0.001" classname="barley.analytics.datasource.rdbms.mysql.MySQLAnalyticsRecordStoreTest">
    <failure type="barley.analytics.datasource.commons.exception.AnalyticsException" message="Error in loading data source: Error in initializing system data sources at &#039;D:\Workspace_STS_SaaSPlatform\Workspace_STS_Analytics\barley-analytics\analytics-data-connectors\barley.analytics.datasource.rdbms\src\test\resources\conf3\datasources\analytics-datasources.xml&#039; - You are running with invalid JAXP api or implementation. JAXP api/implementation of version 1.3.1 (included in JDK6) or higher is required. In case you are using ant, make sure ant 1.7.0 or higher is used - older versions of ant contain JAXP api/impl version 1.2 (in xml-apis.jar). If you want to keep using older ant versions, you have to configure it to use higher the JAXP api/impl versions.">
      <![CDATA[barley.analytics.datasource.commons.exception.AnalyticsException: Error in loading data source: Error in initializing system data sources at 'D:\Workspace_STS_SaaSPlatform\Workspace_STS_Analytics\barley-analytics\analytics-data-connectors\barley.analytics.datasource.rdbms\src\test\resources\conf3\datasources\analytics-datasources.xml' - You are running with invalid JAXP api or implementation. JAXP api/implementation of version 1.3.1 (included in JDK6) or higher is required. In case you are using ant, make sure ant 1.7.0 or higher is used - older versions of ant contain JAXP api/impl version 1.2 (in xml-apis.jar). If you want to keep using older ant versions, you have to configure it to use higher the JAXP api/impl versions.
	at barley.analytics.datasource.rdbms.RDBMSAnalyticsRecordStore.init(RDBMSAnalyticsRecordStore.java:99)
	at barley.analytics.datasource.rdbms.mysql.MySQLAnalyticsRecordStoreTest.setup(MySQLAnalyticsRecordStoreTest.java:47)
	at sun.reflect.NativeMethodAccessorImpl.invoke0(Native Method)
	at sun.reflect.NativeMethodAccessorImpl.invoke(NativeMethodAccessorImpl.java:62)
	at sun.reflect.DelegatingMethodAccessorImpl.invoke(DelegatingMethodAccessorImpl.java:43)
	at java.lang.reflect.Method.invoke(Method.java:498)
	at org.testng.internal.MethodInvocationHelper.invokeMethod(MethodInvocationHelper.java:80)
	at org.testng.internal.Invoker.invokeConfigurationMethod(Invoker.java:564)
	at org.testng.internal.Invoker.invokeConfigurations(Invoker.java:213)
	at org.testng.internal.Invoker.invokeConfigurations(Invoker.java:138)
	at org.testng.internal.TestMethodWorker.invokeBeforeClassMethods(TestMethodWorker.java:175)
	at org.testng.internal.TestMethodWorker.run(TestMethodWorker.java:107)
	at org.testng.TestRunner.privateRun(TestRunner.java:767)
	at org.testng.TestRunner.run(TestRunner.java:617)
	at org.testng.SuiteRunner.runTest(SuiteRunner.java:334)
	at org.testng.SuiteRunner.runSequentially(SuiteRunner.java:329)
	at org.testng.SuiteRunner.privateRun(SuiteRunner.java:291)
	at org.testng.SuiteRunner.run(SuiteRunner.java:240)
	at org.testng.SuiteRunnerWorker.runSuite(SuiteRunnerWorker.java:52)
	at org.testng.SuiteRunnerWorker.run(SuiteRunnerWorker.java:86)
	at org.testng.TestNG.runSuitesSequentially(TestNG.java:1198)
	at org.testng.TestNG.runSuitesLocally(TestNG.java:1123)
	at org.testng.TestNG.run(TestNG.java:1031)
	at org.testng.remote.AbstractRemoteTestNG.run(AbstractRemoteTestNG.java:132)
	at org.testng.remote.RemoteTestNG.initAndRun(RemoteTestNG.java:230)
	at org.testng.remote.RemoteTestNG.main(RemoteTestNG.java:76)
Caused by: barley.ndatasource.common.DataSourceException: Error in initializing system data sources at 'D:\Workspace_STS_SaaSPlatform\Workspace_STS_Analytics\barley-analytics\analytics-data-connectors\barley.analytics.datasource.rdbms\src\test\resources\conf3\datasources\analytics-datasources.xml' - You are running with invalid JAXP api or implementation. JAXP api/implementation of version 1.3.1 (included in JDK6) or higher is required. In case you are using ant, make sure ant 1.7.0 or higher is used - older versions of ant contain JAXP api/impl version 1.2 (in xml-apis.jar). If you want to keep using older ant versions, you have to configure it to use higher the JAXP api/impl versions.
	at barley.analytics.datasource.core.util.GenericUtils.populateSystemDataSource(GenericUtils.java:503)
	at barley.analytics.datasource.core.util.GenericUtils.createGlobalCustomDataSourceRepo(GenericUtils.java:635)
	at barley.analytics.datasource.core.util.GenericUtils.loadGlobalDataSource(GenericUtils.java:662)
	at barley.analytics.datasource.rdbms.RDBMSAnalyticsRecordStore.init(RDBMSAnalyticsRecordStore.java:97)
	... 25 more
Caused by: java.lang.IllegalStateException: You are running with invalid JAXP api or implementation. JAXP api/implementation of version 1.3.1 (included in JDK6) or higher is required. In case you are using ant, make sure ant 1.7.0 or higher is used - older versions of ant contain JAXP api/impl version 1.2 (in xml-apis.jar). If you want to keep using older ant versions, you have to configure it to use higher the JAXP api/impl versions.
	at com.sun.xml.internal.bind.v2.util.XmlFactory.createTransformerFactory(XmlFactory.java:176)
	at com.sun.xml.internal.bind.v2.runtime.JAXBContextImpl.createTransformerHandler(JAXBContextImpl.java:712)
	at com.sun.xml.internal.bind.v2.runtime.unmarshaller.DomLoader$State.<init>(DomLoader.java:60)
	at com.sun.xml.internal.bind.v2.runtime.unmarshaller.DomLoader.startElement(DomLoader.java:103)
	at com.sun.xml.internal.bind.v2.runtime.unmarshaller.ProxyLoader.startElement(ProxyLoader.java:45)
	at com.sun.xml.internal.bind.v2.runtime.unmarshaller.UnmarshallingContext._startElement(UnmarshallingContext.java:559)
	at com.sun.xml.internal.bind.v2.runtime.unmarshaller.UnmarshallingContext.startElement(UnmarshallingContext.java:538)
	at com.sun.xml.internal.bind.v2.runtime.unmarshaller.InterningXmlVisitor.startElement(InterningXmlVisitor.java:60)
	at com.sun.xml.internal.bind.v2.runtime.unmarshaller.SAXConnector.startElement(SAXConnector.java:153)
	at com.sun.xml.internal.bind.unmarshaller.DOMScanner.visit(DOMScanner.java:229)
	at com.sun.xml.internal.bind.unmarshaller.DOMScanner.visit(DOMScanner.java:266)
	at com.sun.xml.internal.bind.unmarshaller.DOMScanner.visit(DOMScanner.java:235)
	at com.sun.xml.internal.bind.unmarshaller.DOMScanner.visit(DOMScanner.java:266)
	at com.sun.xml.internal.bind.unmarshaller.DOMScanner.visit(DOMScanner.java:235)
	at com.sun.xml.internal.bind.unmarshaller.DOMScanner.visit(DOMScanner.java:266)
	at com.sun.xml.internal.bind.unmarshaller.DOMScanner.visit(DOMScanner.java:235)
	at com.sun.xml.internal.bind.unmarshaller.DOMScanner.visit(DOMScanner.java:266)
	at com.sun.xml.internal.bind.unmarshaller.DOMScanner.visit(DOMScanner.java:235)
	at com.sun.xml.internal.bind.unmarshaller.DOMScanner.scan(DOMScanner.java:112)
	at com.sun.xml.internal.bind.unmarshaller.DOMScanner.scan(DOMScanner.java:95)
	at com.sun.xml.internal.bind.v2.runtime.unmarshaller.UnmarshallerImpl.unmarshal0(UnmarshallerImpl.java:356)
	at com.sun.xml.internal.bind.v2.runtime.unmarshaller.UnmarshallerImpl.unmarshal(UnmarshallerImpl.java:337)
	at barley.analytics.datasource.core.util.GenericUtils.populateSystemDataSource(GenericUtils.java:493)
	... 28 more
Caused by: java.lang.AbstractMethodError: javax.xml.transform.TransformerFactory.setFeature(Ljava/lang/String;Z)V
	at com.sun.xml.internal.bind.v2.util.XmlFactory.createTransformerFactory(XmlFactory.java:169)
	... 50 more
]]>
    </failure>
  </testcase> <!-- testMultipleDataRecordAddRetieveWithPagination1 -->
  <testcase name="testDataRecordCount" time="0.001" classname="barley.analytics.datasource.rdbms.mysql.MySQLAnalyticsRecordStoreTest">
    <failure type="barley.analytics.datasource.commons.exception.AnalyticsException" message="Error in loading data source: Error in initializing system data sources at &#039;D:\Workspace_STS_SaaSPlatform\Workspace_STS_Analytics\barley-analytics\analytics-data-connectors\barley.analytics.datasource.rdbms\src\test\resources\conf3\datasources\analytics-datasources.xml&#039; - You are running with invalid JAXP api or implementation. JAXP api/implementation of version 1.3.1 (included in JDK6) or higher is required. In case you are using ant, make sure ant 1.7.0 or higher is used - older versions of ant contain JAXP api/impl version 1.2 (in xml-apis.jar). If you want to keep using older ant versions, you have to configure it to use higher the JAXP api/impl versions.">
      <![CDATA[barley.analytics.datasource.commons.exception.AnalyticsException: Error in loading data source: Error in initializing system data sources at 'D:\Workspace_STS_SaaSPlatform\Workspace_STS_Analytics\barley-analytics\analytics-data-connectors\barley.analytics.datasource.rdbms\src\test\resources\conf3\datasources\analytics-datasources.xml' - You are running with invalid JAXP api or implementation. JAXP api/implementation of version 1.3.1 (included in JDK6) or higher is required. In case you are using ant, make sure ant 1.7.0 or higher is used - older versions of ant contain JAXP api/impl version 1.2 (in xml-apis.jar). If you want to keep using older ant versions, you have to configure it to use higher the JAXP api/impl versions.
	at barley.analytics.datasource.rdbms.RDBMSAnalyticsRecordStore.init(RDBMSAnalyticsRecordStore.java:99)
	at barley.analytics.datasource.rdbms.mysql.MySQLAnalyticsRecordStoreTest.setup(MySQLAnalyticsRecordStoreTest.java:47)
	at sun.reflect.NativeMethodAccessorImpl.invoke0(Native Method)
	at sun.reflect.NativeMethodAccessorImpl.invoke(NativeMethodAccessorImpl.java:62)
	at sun.reflect.DelegatingMethodAccessorImpl.invoke(DelegatingMethodAccessorImpl.java:43)
	at java.lang.reflect.Method.invoke(Method.java:498)
	at org.testng.internal.MethodInvocationHelper.invokeMethod(MethodInvocationHelper.java:80)
	at org.testng.internal.Invoker.invokeConfigurationMethod(Invoker.java:564)
	at org.testng.internal.Invoker.invokeConfigurations(Invoker.java:213)
	at org.testng.internal.Invoker.invokeConfigurations(Invoker.java:138)
	at org.testng.internal.TestMethodWorker.invokeBeforeClassMethods(TestMethodWorker.java:175)
	at org.testng.internal.TestMethodWorker.run(TestMethodWorker.java:107)
	at org.testng.TestRunner.privateRun(TestRunner.java:767)
	at org.testng.TestRunner.run(TestRunner.java:617)
	at org.testng.SuiteRunner.runTest(SuiteRunner.java:334)
	at org.testng.SuiteRunner.runSequentially(SuiteRunner.java:329)
	at org.testng.SuiteRunner.privateRun(SuiteRunner.java:291)
	at org.testng.SuiteRunner.run(SuiteRunner.java:240)
	at org.testng.SuiteRunnerWorker.runSuite(SuiteRunnerWorker.java:52)
	at org.testng.SuiteRunnerWorker.run(SuiteRunnerWorker.java:86)
	at org.testng.TestNG.runSuitesSequentially(TestNG.java:1198)
	at org.testng.TestNG.runSuitesLocally(TestNG.java:1123)
	at org.testng.TestNG.run(TestNG.java:1031)
	at org.testng.remote.AbstractRemoteTestNG.run(AbstractRemoteTestNG.java:132)
	at org.testng.remote.RemoteTestNG.initAndRun(RemoteTestNG.java:230)
	at org.testng.remote.RemoteTestNG.main(RemoteTestNG.java:76)
Caused by: barley.ndatasource.common.DataSourceException: Error in initializing system data sources at 'D:\Workspace_STS_SaaSPlatform\Workspace_STS_Analytics\barley-analytics\analytics-data-connectors\barley.analytics.datasource.rdbms\src\test\resources\conf3\datasources\analytics-datasources.xml' - You are running with invalid JAXP api or implementation. JAXP api/implementation of version 1.3.1 (included in JDK6) or higher is required. In case you are using ant, make sure ant 1.7.0 or higher is used - older versions of ant contain JAXP api/impl version 1.2 (in xml-apis.jar). If you want to keep using older ant versions, you have to configure it to use higher the JAXP api/impl versions.
	at barley.analytics.datasource.core.util.GenericUtils.populateSystemDataSource(GenericUtils.java:503)
	at barley.analytics.datasource.core.util.GenericUtils.createGlobalCustomDataSourceRepo(GenericUtils.java:635)
	at barley.analytics.datasource.core.util.GenericUtils.loadGlobalDataSource(GenericUtils.java:662)
	at barley.analytics.datasource.rdbms.RDBMSAnalyticsRecordStore.init(RDBMSAnalyticsRecordStore.java:97)
	... 25 more
Caused by: java.lang.IllegalStateException: You are running with invalid JAXP api or implementation. JAXP api/implementation of version 1.3.1 (included in JDK6) or higher is required. In case you are using ant, make sure ant 1.7.0 or higher is used - older versions of ant contain JAXP api/impl version 1.2 (in xml-apis.jar). If you want to keep using older ant versions, you have to configure it to use higher the JAXP api/impl versions.
	at com.sun.xml.internal.bind.v2.util.XmlFactory.createTransformerFactory(XmlFactory.java:176)
	at com.sun.xml.internal.bind.v2.runtime.JAXBContextImpl.createTransformerHandler(JAXBContextImpl.java:712)
	at com.sun.xml.internal.bind.v2.runtime.unmarshaller.DomLoader$State.<init>(DomLoader.java:60)
	at com.sun.xml.internal.bind.v2.runtime.unmarshaller.DomLoader.startElement(DomLoader.java:103)
	at com.sun.xml.internal.bind.v2.runtime.unmarshaller.ProxyLoader.startElement(ProxyLoader.java:45)
	at com.sun.xml.internal.bind.v2.runtime.unmarshaller.UnmarshallingContext._startElement(UnmarshallingContext.java:559)
	at com.sun.xml.internal.bind.v2.runtime.unmarshaller.UnmarshallingContext.startElement(UnmarshallingContext.java:538)
	at com.sun.xml.internal.bind.v2.runtime.unmarshaller.InterningXmlVisitor.startElement(InterningXmlVisitor.java:60)
	at com.sun.xml.internal.bind.v2.runtime.unmarshaller.SAXConnector.startElement(SAXConnector.java:153)
	at com.sun.xml.internal.bind.unmarshaller.DOMScanner.visit(DOMScanner.java:229)
	at com.sun.xml.internal.bind.unmarshaller.DOMScanner.visit(DOMScanner.java:266)
	at com.sun.xml.internal.bind.unmarshaller.DOMScanner.visit(DOMScanner.java:235)
	at com.sun.xml.internal.bind.unmarshaller.DOMScanner.visit(DOMScanner.java:266)
	at com.sun.xml.internal.bind.unmarshaller.DOMScanner.visit(DOMScanner.java:235)
	at com.sun.xml.internal.bind.unmarshaller.DOMScanner.visit(DOMScanner.java:266)
	at com.sun.xml.internal.bind.unmarshaller.DOMScanner.visit(DOMScanner.java:235)
	at com.sun.xml.internal.bind.unmarshaller.DOMScanner.visit(DOMScanner.java:266)
	at com.sun.xml.internal.bind.unmarshaller.DOMScanner.visit(DOMScanner.java:235)
	at com.sun.xml.internal.bind.unmarshaller.DOMScanner.scan(DOMScanner.java:112)
	at com.sun.xml.internal.bind.unmarshaller.DOMScanner.scan(DOMScanner.java:95)
	at com.sun.xml.internal.bind.v2.runtime.unmarshaller.UnmarshallerImpl.unmarshal0(UnmarshallerImpl.java:356)
	at com.sun.xml.internal.bind.v2.runtime.unmarshaller.UnmarshallerImpl.unmarshal(UnmarshallerImpl.java:337)
	at barley.analytics.datasource.core.util.GenericUtils.populateSystemDataSource(GenericUtils.java:493)
	... 28 more
Caused by: java.lang.AbstractMethodError: javax.xml.transform.TransformerFactory.setFeature(Ljava/lang/String;Z)V
	at com.sun.xml.internal.bind.v2.util.XmlFactory.createTransformerFactory(XmlFactory.java:169)
	... 50 more
]]>
    </failure>
  </testcase> <!-- testDataRecordCount -->
  <testcase name="testDataRecordDeleteWithIds" time="0.001" classname="barley.analytics.datasource.rdbms.mysql.MySQLAnalyticsRecordStoreTest">
    <failure type="barley.analytics.datasource.commons.exception.AnalyticsException" message="Error in loading data source: Error in initializing system data sources at &#039;D:\Workspace_STS_SaaSPlatform\Workspace_STS_Analytics\barley-analytics\analytics-data-connectors\barley.analytics.datasource.rdbms\src\test\resources\conf3\datasources\analytics-datasources.xml&#039; - You are running with invalid JAXP api or implementation. JAXP api/implementation of version 1.3.1 (included in JDK6) or higher is required. In case you are using ant, make sure ant 1.7.0 or higher is used - older versions of ant contain JAXP api/impl version 1.2 (in xml-apis.jar). If you want to keep using older ant versions, you have to configure it to use higher the JAXP api/impl versions.">
      <![CDATA[barley.analytics.datasource.commons.exception.AnalyticsException: Error in loading data source: Error in initializing system data sources at 'D:\Workspace_STS_SaaSPlatform\Workspace_STS_Analytics\barley-analytics\analytics-data-connectors\barley.analytics.datasource.rdbms\src\test\resources\conf3\datasources\analytics-datasources.xml' - You are running with invalid JAXP api or implementation. JAXP api/implementation of version 1.3.1 (included in JDK6) or higher is required. In case you are using ant, make sure ant 1.7.0 or higher is used - older versions of ant contain JAXP api/impl version 1.2 (in xml-apis.jar). If you want to keep using older ant versions, you have to configure it to use higher the JAXP api/impl versions.
	at barley.analytics.datasource.rdbms.RDBMSAnalyticsRecordStore.init(RDBMSAnalyticsRecordStore.java:99)
	at barley.analytics.datasource.rdbms.mysql.MySQLAnalyticsRecordStoreTest.setup(MySQLAnalyticsRecordStoreTest.java:47)
	at sun.reflect.NativeMethodAccessorImpl.invoke0(Native Method)
	at sun.reflect.NativeMethodAccessorImpl.invoke(NativeMethodAccessorImpl.java:62)
	at sun.reflect.DelegatingMethodAccessorImpl.invoke(DelegatingMethodAccessorImpl.java:43)
	at java.lang.reflect.Method.invoke(Method.java:498)
	at org.testng.internal.MethodInvocationHelper.invokeMethod(MethodInvocationHelper.java:80)
	at org.testng.internal.Invoker.invokeConfigurationMethod(Invoker.java:564)
	at org.testng.internal.Invoker.invokeConfigurations(Invoker.java:213)
	at org.testng.internal.Invoker.invokeConfigurations(Invoker.java:138)
	at org.testng.internal.TestMethodWorker.invokeBeforeClassMethods(TestMethodWorker.java:175)
	at org.testng.internal.TestMethodWorker.run(TestMethodWorker.java:107)
	at org.testng.TestRunner.privateRun(TestRunner.java:767)
	at org.testng.TestRunner.run(TestRunner.java:617)
	at org.testng.SuiteRunner.runTest(SuiteRunner.java:334)
	at org.testng.SuiteRunner.runSequentially(SuiteRunner.java:329)
	at org.testng.SuiteRunner.privateRun(SuiteRunner.java:291)
	at org.testng.SuiteRunner.run(SuiteRunner.java:240)
	at org.testng.SuiteRunnerWorker.runSuite(SuiteRunnerWorker.java:52)
	at org.testng.SuiteRunnerWorker.run(SuiteRunnerWorker.java:86)
	at org.testng.TestNG.runSuitesSequentially(TestNG.java:1198)
	at org.testng.TestNG.runSuitesLocally(TestNG.java:1123)
	at org.testng.TestNG.run(TestNG.java:1031)
	at org.testng.remote.AbstractRemoteTestNG.run(AbstractRemoteTestNG.java:132)
	at org.testng.remote.RemoteTestNG.initAndRun(RemoteTestNG.java:230)
	at org.testng.remote.RemoteTestNG.main(RemoteTestNG.java:76)
Caused by: barley.ndatasource.common.DataSourceException: Error in initializing system data sources at 'D:\Workspace_STS_SaaSPlatform\Workspace_STS_Analytics\barley-analytics\analytics-data-connectors\barley.analytics.datasource.rdbms\src\test\resources\conf3\datasources\analytics-datasources.xml' - You are running with invalid JAXP api or implementation. JAXP api/implementation of version 1.3.1 (included in JDK6) or higher is required. In case you are using ant, make sure ant 1.7.0 or higher is used - older versions of ant contain JAXP api/impl version 1.2 (in xml-apis.jar). If you want to keep using older ant versions, you have to configure it to use higher the JAXP api/impl versions.
	at barley.analytics.datasource.core.util.GenericUtils.populateSystemDataSource(GenericUtils.java:503)
	at barley.analytics.datasource.core.util.GenericUtils.createGlobalCustomDataSourceRepo(GenericUtils.java:635)
	at barley.analytics.datasource.core.util.GenericUtils.loadGlobalDataSource(GenericUtils.java:662)
	at barley.analytics.datasource.rdbms.RDBMSAnalyticsRecordStore.init(RDBMSAnalyticsRecordStore.java:97)
	... 25 more
Caused by: java.lang.IllegalStateException: You are running with invalid JAXP api or implementation. JAXP api/implementation of version 1.3.1 (included in JDK6) or higher is required. In case you are using ant, make sure ant 1.7.0 or higher is used - older versions of ant contain JAXP api/impl version 1.2 (in xml-apis.jar). If you want to keep using older ant versions, you have to configure it to use higher the JAXP api/impl versions.
	at com.sun.xml.internal.bind.v2.util.XmlFactory.createTransformerFactory(XmlFactory.java:176)
	at com.sun.xml.internal.bind.v2.runtime.JAXBContextImpl.createTransformerHandler(JAXBContextImpl.java:712)
	at com.sun.xml.internal.bind.v2.runtime.unmarshaller.DomLoader$State.<init>(DomLoader.java:60)
	at com.sun.xml.internal.bind.v2.runtime.unmarshaller.DomLoader.startElement(DomLoader.java:103)
	at com.sun.xml.internal.bind.v2.runtime.unmarshaller.ProxyLoader.startElement(ProxyLoader.java:45)
	at com.sun.xml.internal.bind.v2.runtime.unmarshaller.UnmarshallingContext._startElement(UnmarshallingContext.java:559)
	at com.sun.xml.internal.bind.v2.runtime.unmarshaller.UnmarshallingContext.startElement(UnmarshallingContext.java:538)
	at com.sun.xml.internal.bind.v2.runtime.unmarshaller.InterningXmlVisitor.startElement(InterningXmlVisitor.java:60)
	at com.sun.xml.internal.bind.v2.runtime.unmarshaller.SAXConnector.startElement(SAXConnector.java:153)
	at com.sun.xml.internal.bind.unmarshaller.DOMScanner.visit(DOMScanner.java:229)
	at com.sun.xml.internal.bind.unmarshaller.DOMScanner.visit(DOMScanner.java:266)
	at com.sun.xml.internal.bind.unmarshaller.DOMScanner.visit(DOMScanner.java:235)
	at com.sun.xml.internal.bind.unmarshaller.DOMScanner.visit(DOMScanner.java:266)
	at com.sun.xml.internal.bind.unmarshaller.DOMScanner.visit(DOMScanner.java:235)
	at com.sun.xml.internal.bind.unmarshaller.DOMScanner.visit(DOMScanner.java:266)
	at com.sun.xml.internal.bind.unmarshaller.DOMScanner.visit(DOMScanner.java:235)
	at com.sun.xml.internal.bind.unmarshaller.DOMScanner.visit(DOMScanner.java:266)
	at com.sun.xml.internal.bind.unmarshaller.DOMScanner.visit(DOMScanner.java:235)
	at com.sun.xml.internal.bind.unmarshaller.DOMScanner.scan(DOMScanner.java:112)
	at com.sun.xml.internal.bind.unmarshaller.DOMScanner.scan(DOMScanner.java:95)
	at com.sun.xml.internal.bind.v2.runtime.unmarshaller.UnmarshallerImpl.unmarshal0(UnmarshallerImpl.java:356)
	at com.sun.xml.internal.bind.v2.runtime.unmarshaller.UnmarshallerImpl.unmarshal(UnmarshallerImpl.java:337)
	at barley.analytics.datasource.core.util.GenericUtils.populateSystemDataSource(GenericUtils.java:493)
	... 28 more
Caused by: java.lang.AbstractMethodError: javax.xml.transform.TransformerFactory.setFeature(Ljava/lang/String;Z)V
	at com.sun.xml.internal.bind.v2.util.XmlFactory.createTransformerFactory(XmlFactory.java:169)
	... 50 more
]]>
    </failure>
  </testcase> <!-- testDataRecordDeleteWithIds -->
  <testcase name="testTableMT" time="0.000" classname="barley.analytics.datasource.rdbms.mysql.MySQLAnalyticsRecordStoreTest">
    <failure type="barley.analytics.datasource.commons.exception.AnalyticsException" message="Error in loading data source: Error in initializing system data sources at &#039;D:\Workspace_STS_SaaSPlatform\Workspace_STS_Analytics\barley-analytics\analytics-data-connectors\barley.analytics.datasource.rdbms\src\test\resources\conf3\datasources\analytics-datasources.xml&#039; - You are running with invalid JAXP api or implementation. JAXP api/implementation of version 1.3.1 (included in JDK6) or higher is required. In case you are using ant, make sure ant 1.7.0 or higher is used - older versions of ant contain JAXP api/impl version 1.2 (in xml-apis.jar). If you want to keep using older ant versions, you have to configure it to use higher the JAXP api/impl versions.">
      <![CDATA[barley.analytics.datasource.commons.exception.AnalyticsException: Error in loading data source: Error in initializing system data sources at 'D:\Workspace_STS_SaaSPlatform\Workspace_STS_Analytics\barley-analytics\analytics-data-connectors\barley.analytics.datasource.rdbms\src\test\resources\conf3\datasources\analytics-datasources.xml' - You are running with invalid JAXP api or implementation. JAXP api/implementation of version 1.3.1 (included in JDK6) or higher is required. In case you are using ant, make sure ant 1.7.0 or higher is used - older versions of ant contain JAXP api/impl version 1.2 (in xml-apis.jar). If you want to keep using older ant versions, you have to configure it to use higher the JAXP api/impl versions.
	at barley.analytics.datasource.rdbms.RDBMSAnalyticsRecordStore.init(RDBMSAnalyticsRecordStore.java:99)
	at barley.analytics.datasource.rdbms.mysql.MySQLAnalyticsRecordStoreTest.setup(MySQLAnalyticsRecordStoreTest.java:47)
	at sun.reflect.NativeMethodAccessorImpl.invoke0(Native Method)
	at sun.reflect.NativeMethodAccessorImpl.invoke(NativeMethodAccessorImpl.java:62)
	at sun.reflect.DelegatingMethodAccessorImpl.invoke(DelegatingMethodAccessorImpl.java:43)
	at java.lang.reflect.Method.invoke(Method.java:498)
	at org.testng.internal.MethodInvocationHelper.invokeMethod(MethodInvocationHelper.java:80)
	at org.testng.internal.Invoker.invokeConfigurationMethod(Invoker.java:564)
	at org.testng.internal.Invoker.invokeConfigurations(Invoker.java:213)
	at org.testng.internal.Invoker.invokeConfigurations(Invoker.java:138)
	at org.testng.internal.TestMethodWorker.invokeBeforeClassMethods(TestMethodWorker.java:175)
	at org.testng.internal.TestMethodWorker.run(TestMethodWorker.java:107)
	at org.testng.TestRunner.privateRun(TestRunner.java:767)
	at org.testng.TestRunner.run(TestRunner.java:617)
	at org.testng.SuiteRunner.runTest(SuiteRunner.java:334)
	at org.testng.SuiteRunner.runSequentially(SuiteRunner.java:329)
	at org.testng.SuiteRunner.privateRun(SuiteRunner.java:291)
	at org.testng.SuiteRunner.run(SuiteRunner.java:240)
	at org.testng.SuiteRunnerWorker.runSuite(SuiteRunnerWorker.java:52)
	at org.testng.SuiteRunnerWorker.run(SuiteRunnerWorker.java:86)
	at org.testng.TestNG.runSuitesSequentially(TestNG.java:1198)
	at org.testng.TestNG.runSuitesLocally(TestNG.java:1123)
	at org.testng.TestNG.run(TestNG.java:1031)
	at org.testng.remote.AbstractRemoteTestNG.run(AbstractRemoteTestNG.java:132)
	at org.testng.remote.RemoteTestNG.initAndRun(RemoteTestNG.java:230)
	at org.testng.remote.RemoteTestNG.main(RemoteTestNG.java:76)
Caused by: barley.ndatasource.common.DataSourceException: Error in initializing system data sources at 'D:\Workspace_STS_SaaSPlatform\Workspace_STS_Analytics\barley-analytics\analytics-data-connectors\barley.analytics.datasource.rdbms\src\test\resources\conf3\datasources\analytics-datasources.xml' - You are running with invalid JAXP api or implementation. JAXP api/implementation of version 1.3.1 (included in JDK6) or higher is required. In case you are using ant, make sure ant 1.7.0 or higher is used - older versions of ant contain JAXP api/impl version 1.2 (in xml-apis.jar). If you want to keep using older ant versions, you have to configure it to use higher the JAXP api/impl versions.
	at barley.analytics.datasource.core.util.GenericUtils.populateSystemDataSource(GenericUtils.java:503)
	at barley.analytics.datasource.core.util.GenericUtils.createGlobalCustomDataSourceRepo(GenericUtils.java:635)
	at barley.analytics.datasource.core.util.GenericUtils.loadGlobalDataSource(GenericUtils.java:662)
	at barley.analytics.datasource.rdbms.RDBMSAnalyticsRecordStore.init(RDBMSAnalyticsRecordStore.java:97)
	... 25 more
Caused by: java.lang.IllegalStateException: You are running with invalid JAXP api or implementation. JAXP api/implementation of version 1.3.1 (included in JDK6) or higher is required. In case you are using ant, make sure ant 1.7.0 or higher is used - older versions of ant contain JAXP api/impl version 1.2 (in xml-apis.jar). If you want to keep using older ant versions, you have to configure it to use higher the JAXP api/impl versions.
	at com.sun.xml.internal.bind.v2.util.XmlFactory.createTransformerFactory(XmlFactory.java:176)
	at com.sun.xml.internal.bind.v2.runtime.JAXBContextImpl.createTransformerHandler(JAXBContextImpl.java:712)
	at com.sun.xml.internal.bind.v2.runtime.unmarshaller.DomLoader$State.<init>(DomLoader.java:60)
	at com.sun.xml.internal.bind.v2.runtime.unmarshaller.DomLoader.startElement(DomLoader.java:103)
	at com.sun.xml.internal.bind.v2.runtime.unmarshaller.ProxyLoader.startElement(ProxyLoader.java:45)
	at com.sun.xml.internal.bind.v2.runtime.unmarshaller.UnmarshallingContext._startElement(UnmarshallingContext.java:559)
	at com.sun.xml.internal.bind.v2.runtime.unmarshaller.UnmarshallingContext.startElement(UnmarshallingContext.java:538)
	at com.sun.xml.internal.bind.v2.runtime.unmarshaller.InterningXmlVisitor.startElement(InterningXmlVisitor.java:60)
	at com.sun.xml.internal.bind.v2.runtime.unmarshaller.SAXConnector.startElement(SAXConnector.java:153)
	at com.sun.xml.internal.bind.unmarshaller.DOMScanner.visit(DOMScanner.java:229)
	at com.sun.xml.internal.bind.unmarshaller.DOMScanner.visit(DOMScanner.java:266)
	at com.sun.xml.internal.bind.unmarshaller.DOMScanner.visit(DOMScanner.java:235)
	at com.sun.xml.internal.bind.unmarshaller.DOMScanner.visit(DOMScanner.java:266)
	at com.sun.xml.internal.bind.unmarshaller.DOMScanner.visit(DOMScanner.java:235)
	at com.sun.xml.internal.bind.unmarshaller.DOMScanner.visit(DOMScanner.java:266)
	at com.sun.xml.internal.bind.unmarshaller.DOMScanner.visit(DOMScanner.java:235)
	at com.sun.xml.internal.bind.unmarshaller.DOMScanner.visit(DOMScanner.java:266)
	at com.sun.xml.internal.bind.unmarshaller.DOMScanner.visit(DOMScanner.java:235)
	at com.sun.xml.internal.bind.unmarshaller.DOMScanner.scan(DOMScanner.java:112)
	at com.sun.xml.internal.bind.unmarshaller.DOMScanner.scan(DOMScanner.java:95)
	at com.sun.xml.internal.bind.v2.runtime.unmarshaller.UnmarshallerImpl.unmarshal0(UnmarshallerImpl.java:356)
	at com.sun.xml.internal.bind.v2.runtime.unmarshaller.UnmarshallerImpl.unmarshal(UnmarshallerImpl.java:337)
	at barley.analytics.datasource.core.util.GenericUtils.populateSystemDataSource(GenericUtils.java:493)
	... 28 more
Caused by: java.lang.AbstractMethodError: javax.xml.transform.TransformerFactory.setFeature(Ljava/lang/String;Z)V
	at com.sun.xml.internal.bind.v2.util.XmlFactory.createTransformerFactory(XmlFactory.java:169)
	... 50 more
]]>
    </failure>
  </testcase> <!-- testTableMT -->
  <testcase name="testRecordRetrievalWithFixedCount" time="0.000" classname="barley.analytics.datasource.rdbms.mysql.MySQLAnalyticsRecordStoreTest">
    <failure type="barley.analytics.datasource.commons.exception.AnalyticsException" message="Error in loading data source: Error in initializing system data sources at &#039;D:\Workspace_STS_SaaSPlatform\Workspace_STS_Analytics\barley-analytics\analytics-data-connectors\barley.analytics.datasource.rdbms\src\test\resources\conf3\datasources\analytics-datasources.xml&#039; - You are running with invalid JAXP api or implementation. JAXP api/implementation of version 1.3.1 (included in JDK6) or higher is required. In case you are using ant, make sure ant 1.7.0 or higher is used - older versions of ant contain JAXP api/impl version 1.2 (in xml-apis.jar). If you want to keep using older ant versions, you have to configure it to use higher the JAXP api/impl versions.">
      <![CDATA[barley.analytics.datasource.commons.exception.AnalyticsException: Error in loading data source: Error in initializing system data sources at 'D:\Workspace_STS_SaaSPlatform\Workspace_STS_Analytics\barley-analytics\analytics-data-connectors\barley.analytics.datasource.rdbms\src\test\resources\conf3\datasources\analytics-datasources.xml' - You are running with invalid JAXP api or implementation. JAXP api/implementation of version 1.3.1 (included in JDK6) or higher is required. In case you are using ant, make sure ant 1.7.0 or higher is used - older versions of ant contain JAXP api/impl version 1.2 (in xml-apis.jar). If you want to keep using older ant versions, you have to configure it to use higher the JAXP api/impl versions.
	at barley.analytics.datasource.rdbms.RDBMSAnalyticsRecordStore.init(RDBMSAnalyticsRecordStore.java:99)
	at barley.analytics.datasource.rdbms.mysql.MySQLAnalyticsRecordStoreTest.setup(MySQLAnalyticsRecordStoreTest.java:47)
	at sun.reflect.NativeMethodAccessorImpl.invoke0(Native Method)
	at sun.reflect.NativeMethodAccessorImpl.invoke(NativeMethodAccessorImpl.java:62)
	at sun.reflect.DelegatingMethodAccessorImpl.invoke(DelegatingMethodAccessorImpl.java:43)
	at java.lang.reflect.Method.invoke(Method.java:498)
	at org.testng.internal.MethodInvocationHelper.invokeMethod(MethodInvocationHelper.java:80)
	at org.testng.internal.Invoker.invokeConfigurationMethod(Invoker.java:564)
	at org.testng.internal.Invoker.invokeConfigurations(Invoker.java:213)
	at org.testng.internal.Invoker.invokeConfigurations(Invoker.java:138)
	at org.testng.internal.TestMethodWorker.invokeBeforeClassMethods(TestMethodWorker.java:175)
	at org.testng.internal.TestMethodWorker.run(TestMethodWorker.java:107)
	at org.testng.TestRunner.privateRun(TestRunner.java:767)
	at org.testng.TestRunner.run(TestRunner.java:617)
	at org.testng.SuiteRunner.runTest(SuiteRunner.java:334)
	at org.testng.SuiteRunner.runSequentially(SuiteRunner.java:329)
	at org.testng.SuiteRunner.privateRun(SuiteRunner.java:291)
	at org.testng.SuiteRunner.run(SuiteRunner.java:240)
	at org.testng.SuiteRunnerWorker.runSuite(SuiteRunnerWorker.java:52)
	at org.testng.SuiteRunnerWorker.run(SuiteRunnerWorker.java:86)
	at org.testng.TestNG.runSuitesSequentially(TestNG.java:1198)
	at org.testng.TestNG.runSuitesLocally(TestNG.java:1123)
	at org.testng.TestNG.run(TestNG.java:1031)
	at org.testng.remote.AbstractRemoteTestNG.run(AbstractRemoteTestNG.java:132)
	at org.testng.remote.RemoteTestNG.initAndRun(RemoteTestNG.java:230)
	at org.testng.remote.RemoteTestNG.main(RemoteTestNG.java:76)
Caused by: barley.ndatasource.common.DataSourceException: Error in initializing system data sources at 'D:\Workspace_STS_SaaSPlatform\Workspace_STS_Analytics\barley-analytics\analytics-data-connectors\barley.analytics.datasource.rdbms\src\test\resources\conf3\datasources\analytics-datasources.xml' - You are running with invalid JAXP api or implementation. JAXP api/implementation of version 1.3.1 (included in JDK6) or higher is required. In case you are using ant, make sure ant 1.7.0 or higher is used - older versions of ant contain JAXP api/impl version 1.2 (in xml-apis.jar). If you want to keep using older ant versions, you have to configure it to use higher the JAXP api/impl versions.
	at barley.analytics.datasource.core.util.GenericUtils.populateSystemDataSource(GenericUtils.java:503)
	at barley.analytics.datasource.core.util.GenericUtils.createGlobalCustomDataSourceRepo(GenericUtils.java:635)
	at barley.analytics.datasource.core.util.GenericUtils.loadGlobalDataSource(GenericUtils.java:662)
	at barley.analytics.datasource.rdbms.RDBMSAnalyticsRecordStore.init(RDBMSAnalyticsRecordStore.java:97)
	... 25 more
Caused by: java.lang.IllegalStateException: You are running with invalid JAXP api or implementation. JAXP api/implementation of version 1.3.1 (included in JDK6) or higher is required. In case you are using ant, make sure ant 1.7.0 or higher is used - older versions of ant contain JAXP api/impl version 1.2 (in xml-apis.jar). If you want to keep using older ant versions, you have to configure it to use higher the JAXP api/impl versions.
	at com.sun.xml.internal.bind.v2.util.XmlFactory.createTransformerFactory(XmlFactory.java:176)
	at com.sun.xml.internal.bind.v2.runtime.JAXBContextImpl.createTransformerHandler(JAXBContextImpl.java:712)
	at com.sun.xml.internal.bind.v2.runtime.unmarshaller.DomLoader$State.<init>(DomLoader.java:60)
	at com.sun.xml.internal.bind.v2.runtime.unmarshaller.DomLoader.startElement(DomLoader.java:103)
	at com.sun.xml.internal.bind.v2.runtime.unmarshaller.ProxyLoader.startElement(ProxyLoader.java:45)
	at com.sun.xml.internal.bind.v2.runtime.unmarshaller.UnmarshallingContext._startElement(UnmarshallingContext.java:559)
	at com.sun.xml.internal.bind.v2.runtime.unmarshaller.UnmarshallingContext.startElement(UnmarshallingContext.java:538)
	at com.sun.xml.internal.bind.v2.runtime.unmarshaller.InterningXmlVisitor.startElement(InterningXmlVisitor.java:60)
	at com.sun.xml.internal.bind.v2.runtime.unmarshaller.SAXConnector.startElement(SAXConnector.java:153)
	at com.sun.xml.internal.bind.unmarshaller.DOMScanner.visit(DOMScanner.java:229)
	at com.sun.xml.internal.bind.unmarshaller.DOMScanner.visit(DOMScanner.java:266)
	at com.sun.xml.internal.bind.unmarshaller.DOMScanner.visit(DOMScanner.java:235)
	at com.sun.xml.internal.bind.unmarshaller.DOMScanner.visit(DOMScanner.java:266)
	at com.sun.xml.internal.bind.unmarshaller.DOMScanner.visit(DOMScanner.java:235)
	at com.sun.xml.internal.bind.unmarshaller.DOMScanner.visit(DOMScanner.java:266)
	at com.sun.xml.internal.bind.unmarshaller.DOMScanner.visit(DOMScanner.java:235)
	at com.sun.xml.internal.bind.unmarshaller.DOMScanner.visit(DOMScanner.java:266)
	at com.sun.xml.internal.bind.unmarshaller.DOMScanner.visit(DOMScanner.java:235)
	at com.sun.xml.internal.bind.unmarshaller.DOMScanner.scan(DOMScanner.java:112)
	at com.sun.xml.internal.bind.unmarshaller.DOMScanner.scan(DOMScanner.java:95)
	at com.sun.xml.internal.bind.v2.runtime.unmarshaller.UnmarshallerImpl.unmarshal0(UnmarshallerImpl.java:356)
	at com.sun.xml.internal.bind.v2.runtime.unmarshaller.UnmarshallerImpl.unmarshal(UnmarshallerImpl.java:337)
	at barley.analytics.datasource.core.util.GenericUtils.populateSystemDataSource(GenericUtils.java:493)
	... 28 more
Caused by: java.lang.AbstractMethodError: javax.xml.transform.TransformerFactory.setFeature(Ljava/lang/String;Z)V
	at com.sun.xml.internal.bind.v2.util.XmlFactory.createTransformerFactory(XmlFactory.java:169)
	... 50 more
]]>
    </failure>
  </testcase> <!-- testRecordRetrievalWithFixedCount -->
  <testcase name="testDataRecordAddReadPerformance" time="0.001" classname="barley.analytics.datasource.rdbms.mysql.MySQLAnalyticsRecordStoreTest">
    <failure type="barley.analytics.datasource.commons.exception.AnalyticsException" message="Error in loading data source: Error in initializing system data sources at &#039;D:\Workspace_STS_SaaSPlatform\Workspace_STS_Analytics\barley-analytics\analytics-data-connectors\barley.analytics.datasource.rdbms\src\test\resources\conf3\datasources\analytics-datasources.xml&#039; - You are running with invalid JAXP api or implementation. JAXP api/implementation of version 1.3.1 (included in JDK6) or higher is required. In case you are using ant, make sure ant 1.7.0 or higher is used - older versions of ant contain JAXP api/impl version 1.2 (in xml-apis.jar). If you want to keep using older ant versions, you have to configure it to use higher the JAXP api/impl versions.">
      <![CDATA[barley.analytics.datasource.commons.exception.AnalyticsException: Error in loading data source: Error in initializing system data sources at 'D:\Workspace_STS_SaaSPlatform\Workspace_STS_Analytics\barley-analytics\analytics-data-connectors\barley.analytics.datasource.rdbms\src\test\resources\conf3\datasources\analytics-datasources.xml' - You are running with invalid JAXP api or implementation. JAXP api/implementation of version 1.3.1 (included in JDK6) or higher is required. In case you are using ant, make sure ant 1.7.0 or higher is used - older versions of ant contain JAXP api/impl version 1.2 (in xml-apis.jar). If you want to keep using older ant versions, you have to configure it to use higher the JAXP api/impl versions.
	at barley.analytics.datasource.rdbms.RDBMSAnalyticsRecordStore.init(RDBMSAnalyticsRecordStore.java:99)
	at barley.analytics.datasource.rdbms.mysql.MySQLAnalyticsRecordStoreTest.setup(MySQLAnalyticsRecordStoreTest.java:47)
	at sun.reflect.NativeMethodAccessorImpl.invoke0(Native Method)
	at sun.reflect.NativeMethodAccessorImpl.invoke(NativeMethodAccessorImpl.java:62)
	at sun.reflect.DelegatingMethodAccessorImpl.invoke(DelegatingMethodAccessorImpl.java:43)
	at java.lang.reflect.Method.invoke(Method.java:498)
	at org.testng.internal.MethodInvocationHelper.invokeMethod(MethodInvocationHelper.java:80)
	at org.testng.internal.Invoker.invokeConfigurationMethod(Invoker.java:564)
	at org.testng.internal.Invoker.invokeConfigurations(Invoker.java:213)
	at org.testng.internal.Invoker.invokeConfigurations(Invoker.java:138)
	at org.testng.internal.TestMethodWorker.invokeBeforeClassMethods(TestMethodWorker.java:175)
	at org.testng.internal.TestMethodWorker.run(TestMethodWorker.java:107)
	at org.testng.TestRunner.privateRun(TestRunner.java:767)
	at org.testng.TestRunner.run(TestRunner.java:617)
	at org.testng.SuiteRunner.runTest(SuiteRunner.java:334)
	at org.testng.SuiteRunner.runSequentially(SuiteRunner.java:329)
	at org.testng.SuiteRunner.privateRun(SuiteRunner.java:291)
	at org.testng.SuiteRunner.run(SuiteRunner.java:240)
	at org.testng.SuiteRunnerWorker.runSuite(SuiteRunnerWorker.java:52)
	at org.testng.SuiteRunnerWorker.run(SuiteRunnerWorker.java:86)
	at org.testng.TestNG.runSuitesSequentially(TestNG.java:1198)
	at org.testng.TestNG.runSuitesLocally(TestNG.java:1123)
	at org.testng.TestNG.run(TestNG.java:1031)
	at org.testng.remote.AbstractRemoteTestNG.run(AbstractRemoteTestNG.java:132)
	at org.testng.remote.RemoteTestNG.initAndRun(RemoteTestNG.java:230)
	at org.testng.remote.RemoteTestNG.main(RemoteTestNG.java:76)
Caused by: barley.ndatasource.common.DataSourceException: Error in initializing system data sources at 'D:\Workspace_STS_SaaSPlatform\Workspace_STS_Analytics\barley-analytics\analytics-data-connectors\barley.analytics.datasource.rdbms\src\test\resources\conf3\datasources\analytics-datasources.xml' - You are running with invalid JAXP api or implementation. JAXP api/implementation of version 1.3.1 (included in JDK6) or higher is required. In case you are using ant, make sure ant 1.7.0 or higher is used - older versions of ant contain JAXP api/impl version 1.2 (in xml-apis.jar). If you want to keep using older ant versions, you have to configure it to use higher the JAXP api/impl versions.
	at barley.analytics.datasource.core.util.GenericUtils.populateSystemDataSource(GenericUtils.java:503)
	at barley.analytics.datasource.core.util.GenericUtils.createGlobalCustomDataSourceRepo(GenericUtils.java:635)
	at barley.analytics.datasource.core.util.GenericUtils.loadGlobalDataSource(GenericUtils.java:662)
	at barley.analytics.datasource.rdbms.RDBMSAnalyticsRecordStore.init(RDBMSAnalyticsRecordStore.java:97)
	... 25 more
Caused by: java.lang.IllegalStateException: You are running with invalid JAXP api or implementation. JAXP api/implementation of version 1.3.1 (included in JDK6) or higher is required. In case you are using ant, make sure ant 1.7.0 or higher is used - older versions of ant contain JAXP api/impl version 1.2 (in xml-apis.jar). If you want to keep using older ant versions, you have to configure it to use higher the JAXP api/impl versions.
	at com.sun.xml.internal.bind.v2.util.XmlFactory.createTransformerFactory(XmlFactory.java:176)
	at com.sun.xml.internal.bind.v2.runtime.JAXBContextImpl.createTransformerHandler(JAXBContextImpl.java:712)
	at com.sun.xml.internal.bind.v2.runtime.unmarshaller.DomLoader$State.<init>(DomLoader.java:60)
	at com.sun.xml.internal.bind.v2.runtime.unmarshaller.DomLoader.startElement(DomLoader.java:103)
	at com.sun.xml.internal.bind.v2.runtime.unmarshaller.ProxyLoader.startElement(ProxyLoader.java:45)
	at com.sun.xml.internal.bind.v2.runtime.unmarshaller.UnmarshallingContext._startElement(UnmarshallingContext.java:559)
	at com.sun.xml.internal.bind.v2.runtime.unmarshaller.UnmarshallingContext.startElement(UnmarshallingContext.java:538)
	at com.sun.xml.internal.bind.v2.runtime.unmarshaller.InterningXmlVisitor.startElement(InterningXmlVisitor.java:60)
	at com.sun.xml.internal.bind.v2.runtime.unmarshaller.SAXConnector.startElement(SAXConnector.java:153)
	at com.sun.xml.internal.bind.unmarshaller.DOMScanner.visit(DOMScanner.java:229)
	at com.sun.xml.internal.bind.unmarshaller.DOMScanner.visit(DOMScanner.java:266)
	at com.sun.xml.internal.bind.unmarshaller.DOMScanner.visit(DOMScanner.java:235)
	at com.sun.xml.internal.bind.unmarshaller.DOMScanner.visit(DOMScanner.java:266)
	at com.sun.xml.internal.bind.unmarshaller.DOMScanner.visit(DOMScanner.java:235)
	at com.sun.xml.internal.bind.unmarshaller.DOMScanner.visit(DOMScanner.java:266)
	at com.sun.xml.internal.bind.unmarshaller.DOMScanner.visit(DOMScanner.java:235)
	at com.sun.xml.internal.bind.unmarshaller.DOMScanner.visit(DOMScanner.java:266)
	at com.sun.xml.internal.bind.unmarshaller.DOMScanner.visit(DOMScanner.java:235)
	at com.sun.xml.internal.bind.unmarshaller.DOMScanner.scan(DOMScanner.java:112)
	at com.sun.xml.internal.bind.unmarshaller.DOMScanner.scan(DOMScanner.java:95)
	at com.sun.xml.internal.bind.v2.runtime.unmarshaller.UnmarshallerImpl.unmarshal0(UnmarshallerImpl.java:356)
	at com.sun.xml.internal.bind.v2.runtime.unmarshaller.UnmarshallerImpl.unmarshal(UnmarshallerImpl.java:337)
	at barley.analytics.datasource.core.util.GenericUtils.populateSystemDataSource(GenericUtils.java:493)
	... 28 more
Caused by: java.lang.AbstractMethodError: javax.xml.transform.TransformerFactory.setFeature(Ljava/lang/String;Z)V
	at com.sun.xml.internal.bind.v2.util.XmlFactory.createTransformerFactory(XmlFactory.java:169)
	... 50 more
]]>
    </failure>
  </testcase> <!-- testDataRecordAddReadPerformance -->
  <testcase name="testDuplicateRecordSearch" time="0.000" classname="barley.analytics.datasource.rdbms.mysql.MySQLAnalyticsRecordStoreTest">
    <failure type="barley.analytics.datasource.commons.exception.AnalyticsException" message="Error in loading data source: Error in initializing system data sources at &#039;D:\Workspace_STS_SaaSPlatform\Workspace_STS_Analytics\barley-analytics\analytics-data-connectors\barley.analytics.datasource.rdbms\src\test\resources\conf3\datasources\analytics-datasources.xml&#039; - You are running with invalid JAXP api or implementation. JAXP api/implementation of version 1.3.1 (included in JDK6) or higher is required. In case you are using ant, make sure ant 1.7.0 or higher is used - older versions of ant contain JAXP api/impl version 1.2 (in xml-apis.jar). If you want to keep using older ant versions, you have to configure it to use higher the JAXP api/impl versions.">
      <![CDATA[barley.analytics.datasource.commons.exception.AnalyticsException: Error in loading data source: Error in initializing system data sources at 'D:\Workspace_STS_SaaSPlatform\Workspace_STS_Analytics\barley-analytics\analytics-data-connectors\barley.analytics.datasource.rdbms\src\test\resources\conf3\datasources\analytics-datasources.xml' - You are running with invalid JAXP api or implementation. JAXP api/implementation of version 1.3.1 (included in JDK6) or higher is required. In case you are using ant, make sure ant 1.7.0 or higher is used - older versions of ant contain JAXP api/impl version 1.2 (in xml-apis.jar). If you want to keep using older ant versions, you have to configure it to use higher the JAXP api/impl versions.
	at barley.analytics.datasource.rdbms.RDBMSAnalyticsRecordStore.init(RDBMSAnalyticsRecordStore.java:99)
	at barley.analytics.datasource.rdbms.mysql.MySQLAnalyticsRecordStoreTest.setup(MySQLAnalyticsRecordStoreTest.java:47)
	at sun.reflect.NativeMethodAccessorImpl.invoke0(Native Method)
	at sun.reflect.NativeMethodAccessorImpl.invoke(NativeMethodAccessorImpl.java:62)
	at sun.reflect.DelegatingMethodAccessorImpl.invoke(DelegatingMethodAccessorImpl.java:43)
	at java.lang.reflect.Method.invoke(Method.java:498)
	at org.testng.internal.MethodInvocationHelper.invokeMethod(MethodInvocationHelper.java:80)
	at org.testng.internal.Invoker.invokeConfigurationMethod(Invoker.java:564)
	at org.testng.internal.Invoker.invokeConfigurations(Invoker.java:213)
	at org.testng.internal.Invoker.invokeConfigurations(Invoker.java:138)
	at org.testng.internal.TestMethodWorker.invokeBeforeClassMethods(TestMethodWorker.java:175)
	at org.testng.internal.TestMethodWorker.run(TestMethodWorker.java:107)
	at org.testng.TestRunner.privateRun(TestRunner.java:767)
	at org.testng.TestRunner.run(TestRunner.java:617)
	at org.testng.SuiteRunner.runTest(SuiteRunner.java:334)
	at org.testng.SuiteRunner.runSequentially(SuiteRunner.java:329)
	at org.testng.SuiteRunner.privateRun(SuiteRunner.java:291)
	at org.testng.SuiteRunner.run(SuiteRunner.java:240)
	at org.testng.SuiteRunnerWorker.runSuite(SuiteRunnerWorker.java:52)
	at org.testng.SuiteRunnerWorker.run(SuiteRunnerWorker.java:86)
	at org.testng.TestNG.runSuitesSequentially(TestNG.java:1198)
	at org.testng.TestNG.runSuitesLocally(TestNG.java:1123)
	at org.testng.TestNG.run(TestNG.java:1031)
	at org.testng.remote.AbstractRemoteTestNG.run(AbstractRemoteTestNG.java:132)
	at org.testng.remote.RemoteTestNG.initAndRun(RemoteTestNG.java:230)
	at org.testng.remote.RemoteTestNG.main(RemoteTestNG.java:76)
Caused by: barley.ndatasource.common.DataSourceException: Error in initializing system data sources at 'D:\Workspace_STS_SaaSPlatform\Workspace_STS_Analytics\barley-analytics\analytics-data-connectors\barley.analytics.datasource.rdbms\src\test\resources\conf3\datasources\analytics-datasources.xml' - You are running with invalid JAXP api or implementation. JAXP api/implementation of version 1.3.1 (included in JDK6) or higher is required. In case you are using ant, make sure ant 1.7.0 or higher is used - older versions of ant contain JAXP api/impl version 1.2 (in xml-apis.jar). If you want to keep using older ant versions, you have to configure it to use higher the JAXP api/impl versions.
	at barley.analytics.datasource.core.util.GenericUtils.populateSystemDataSource(GenericUtils.java:503)
	at barley.analytics.datasource.core.util.GenericUtils.createGlobalCustomDataSourceRepo(GenericUtils.java:635)
	at barley.analytics.datasource.core.util.GenericUtils.loadGlobalDataSource(GenericUtils.java:662)
	at barley.analytics.datasource.rdbms.RDBMSAnalyticsRecordStore.init(RDBMSAnalyticsRecordStore.java:97)
	... 25 more
Caused by: java.lang.IllegalStateException: You are running with invalid JAXP api or implementation. JAXP api/implementation of version 1.3.1 (included in JDK6) or higher is required. In case you are using ant, make sure ant 1.7.0 or higher is used - older versions of ant contain JAXP api/impl version 1.2 (in xml-apis.jar). If you want to keep using older ant versions, you have to configure it to use higher the JAXP api/impl versions.
	at com.sun.xml.internal.bind.v2.util.XmlFactory.createTransformerFactory(XmlFactory.java:176)
	at com.sun.xml.internal.bind.v2.runtime.JAXBContextImpl.createTransformerHandler(JAXBContextImpl.java:712)
	at com.sun.xml.internal.bind.v2.runtime.unmarshaller.DomLoader$State.<init>(DomLoader.java:60)
	at com.sun.xml.internal.bind.v2.runtime.unmarshaller.DomLoader.startElement(DomLoader.java:103)
	at com.sun.xml.internal.bind.v2.runtime.unmarshaller.ProxyLoader.startElement(ProxyLoader.java:45)
	at com.sun.xml.internal.bind.v2.runtime.unmarshaller.UnmarshallingContext._startElement(UnmarshallingContext.java:559)
	at com.sun.xml.internal.bind.v2.runtime.unmarshaller.UnmarshallingContext.startElement(UnmarshallingContext.java:538)
	at com.sun.xml.internal.bind.v2.runtime.unmarshaller.InterningXmlVisitor.startElement(InterningXmlVisitor.java:60)
	at com.sun.xml.internal.bind.v2.runtime.unmarshaller.SAXConnector.startElement(SAXConnector.java:153)
	at com.sun.xml.internal.bind.unmarshaller.DOMScanner.visit(DOMScanner.java:229)
	at com.sun.xml.internal.bind.unmarshaller.DOMScanner.visit(DOMScanner.java:266)
	at com.sun.xml.internal.bind.unmarshaller.DOMScanner.visit(DOMScanner.java:235)
	at com.sun.xml.internal.bind.unmarshaller.DOMScanner.visit(DOMScanner.java:266)
	at com.sun.xml.internal.bind.unmarshaller.DOMScanner.visit(DOMScanner.java:235)
	at com.sun.xml.internal.bind.unmarshaller.DOMScanner.visit(DOMScanner.java:266)
	at com.sun.xml.internal.bind.unmarshaller.DOMScanner.visit(DOMScanner.java:235)
	at com.sun.xml.internal.bind.unmarshaller.DOMScanner.visit(DOMScanner.java:266)
	at com.sun.xml.internal.bind.unmarshaller.DOMScanner.visit(DOMScanner.java:235)
	at com.sun.xml.internal.bind.unmarshaller.DOMScanner.scan(DOMScanner.java:112)
	at com.sun.xml.internal.bind.unmarshaller.DOMScanner.scan(DOMScanner.java:95)
	at com.sun.xml.internal.bind.v2.runtime.unmarshaller.UnmarshallerImpl.unmarshal0(UnmarshallerImpl.java:356)
	at com.sun.xml.internal.bind.v2.runtime.unmarshaller.UnmarshallerImpl.unmarshal(UnmarshallerImpl.java:337)
	at barley.analytics.datasource.core.util.GenericUtils.populateSystemDataSource(GenericUtils.java:493)
	... 28 more
Caused by: java.lang.AbstractMethodError: javax.xml.transform.TransformerFactory.setFeature(Ljava/lang/String;Z)V
	at com.sun.xml.internal.bind.v2.util.XmlFactory.createTransformerFactory(XmlFactory.java:169)
	... 50 more
]]>
    </failure>
  </testcase> <!-- testDuplicateRecordSearch -->
  <testcase name="testDataRecordAddRetrieve" time="0.001" classname="barley.analytics.datasource.rdbms.mysql.MySQLAnalyticsRecordStoreTest">
    <failure type="barley.analytics.datasource.commons.exception.AnalyticsException" message="Error in loading data source: Error in initializing system data sources at &#039;D:\Workspace_STS_SaaSPlatform\Workspace_STS_Analytics\barley-analytics\analytics-data-connectors\barley.analytics.datasource.rdbms\src\test\resources\conf3\datasources\analytics-datasources.xml&#039; - You are running with invalid JAXP api or implementation. JAXP api/implementation of version 1.3.1 (included in JDK6) or higher is required. In case you are using ant, make sure ant 1.7.0 or higher is used - older versions of ant contain JAXP api/impl version 1.2 (in xml-apis.jar). If you want to keep using older ant versions, you have to configure it to use higher the JAXP api/impl versions.">
      <![CDATA[barley.analytics.datasource.commons.exception.AnalyticsException: Error in loading data source: Error in initializing system data sources at 'D:\Workspace_STS_SaaSPlatform\Workspace_STS_Analytics\barley-analytics\analytics-data-connectors\barley.analytics.datasource.rdbms\src\test\resources\conf3\datasources\analytics-datasources.xml' - You are running with invalid JAXP api or implementation. JAXP api/implementation of version 1.3.1 (included in JDK6) or higher is required. In case you are using ant, make sure ant 1.7.0 or higher is used - older versions of ant contain JAXP api/impl version 1.2 (in xml-apis.jar). If you want to keep using older ant versions, you have to configure it to use higher the JAXP api/impl versions.
	at barley.analytics.datasource.rdbms.RDBMSAnalyticsRecordStore.init(RDBMSAnalyticsRecordStore.java:99)
	at barley.analytics.datasource.rdbms.mysql.MySQLAnalyticsRecordStoreTest.setup(MySQLAnalyticsRecordStoreTest.java:47)
	at sun.reflect.NativeMethodAccessorImpl.invoke0(Native Method)
	at sun.reflect.NativeMethodAccessorImpl.invoke(NativeMethodAccessorImpl.java:62)
	at sun.reflect.DelegatingMethodAccessorImpl.invoke(DelegatingMethodAccessorImpl.java:43)
	at java.lang.reflect.Method.invoke(Method.java:498)
	at org.testng.internal.MethodInvocationHelper.invokeMethod(MethodInvocationHelper.java:80)
	at org.testng.internal.Invoker.invokeConfigurationMethod(Invoker.java:564)
	at org.testng.internal.Invoker.invokeConfigurations(Invoker.java:213)
	at org.testng.internal.Invoker.invokeConfigurations(Invoker.java:138)
	at org.testng.internal.TestMethodWorker.invokeBeforeClassMethods(TestMethodWorker.java:175)
	at org.testng.internal.TestMethodWorker.run(TestMethodWorker.java:107)
	at org.testng.TestRunner.privateRun(TestRunner.java:767)
	at org.testng.TestRunner.run(TestRunner.java:617)
	at org.testng.SuiteRunner.runTest(SuiteRunner.java:334)
	at org.testng.SuiteRunner.runSequentially(SuiteRunner.java:329)
	at org.testng.SuiteRunner.privateRun(SuiteRunner.java:291)
	at org.testng.SuiteRunner.run(SuiteRunner.java:240)
	at org.testng.SuiteRunnerWorker.runSuite(SuiteRunnerWorker.java:52)
	at org.testng.SuiteRunnerWorker.run(SuiteRunnerWorker.java:86)
	at org.testng.TestNG.runSuitesSequentially(TestNG.java:1198)
	at org.testng.TestNG.runSuitesLocally(TestNG.java:1123)
	at org.testng.TestNG.run(TestNG.java:1031)
	at org.testng.remote.AbstractRemoteTestNG.run(AbstractRemoteTestNG.java:132)
	at org.testng.remote.RemoteTestNG.initAndRun(RemoteTestNG.java:230)
	at org.testng.remote.RemoteTestNG.main(RemoteTestNG.java:76)
Caused by: barley.ndatasource.common.DataSourceException: Error in initializing system data sources at 'D:\Workspace_STS_SaaSPlatform\Workspace_STS_Analytics\barley-analytics\analytics-data-connectors\barley.analytics.datasource.rdbms\src\test\resources\conf3\datasources\analytics-datasources.xml' - You are running with invalid JAXP api or implementation. JAXP api/implementation of version 1.3.1 (included in JDK6) or higher is required. In case you are using ant, make sure ant 1.7.0 or higher is used - older versions of ant contain JAXP api/impl version 1.2 (in xml-apis.jar). If you want to keep using older ant versions, you have to configure it to use higher the JAXP api/impl versions.
	at barley.analytics.datasource.core.util.GenericUtils.populateSystemDataSource(GenericUtils.java:503)
	at barley.analytics.datasource.core.util.GenericUtils.createGlobalCustomDataSourceRepo(GenericUtils.java:635)
	at barley.analytics.datasource.core.util.GenericUtils.loadGlobalDataSource(GenericUtils.java:662)
	at barley.analytics.datasource.rdbms.RDBMSAnalyticsRecordStore.init(RDBMSAnalyticsRecordStore.java:97)
	... 25 more
Caused by: java.lang.IllegalStateException: You are running with invalid JAXP api or implementation. JAXP api/implementation of version 1.3.1 (included in JDK6) or higher is required. In case you are using ant, make sure ant 1.7.0 or higher is used - older versions of ant contain JAXP api/impl version 1.2 (in xml-apis.jar). If you want to keep using older ant versions, you have to configure it to use higher the JAXP api/impl versions.
	at com.sun.xml.internal.bind.v2.util.XmlFactory.createTransformerFactory(XmlFactory.java:176)
	at com.sun.xml.internal.bind.v2.runtime.JAXBContextImpl.createTransformerHandler(JAXBContextImpl.java:712)
	at com.sun.xml.internal.bind.v2.runtime.unmarshaller.DomLoader$State.<init>(DomLoader.java:60)
	at com.sun.xml.internal.bind.v2.runtime.unmarshaller.DomLoader.startElement(DomLoader.java:103)
	at com.sun.xml.internal.bind.v2.runtime.unmarshaller.ProxyLoader.startElement(ProxyLoader.java:45)
	at com.sun.xml.internal.bind.v2.runtime.unmarshaller.UnmarshallingContext._startElement(UnmarshallingContext.java:559)
	at com.sun.xml.internal.bind.v2.runtime.unmarshaller.UnmarshallingContext.startElement(UnmarshallingContext.java:538)
	at com.sun.xml.internal.bind.v2.runtime.unmarshaller.InterningXmlVisitor.startElement(InterningXmlVisitor.java:60)
	at com.sun.xml.internal.bind.v2.runtime.unmarshaller.SAXConnector.startElement(SAXConnector.java:153)
	at com.sun.xml.internal.bind.unmarshaller.DOMScanner.visit(DOMScanner.java:229)
	at com.sun.xml.internal.bind.unmarshaller.DOMScanner.visit(DOMScanner.java:266)
	at com.sun.xml.internal.bind.unmarshaller.DOMScanner.visit(DOMScanner.java:235)
	at com.sun.xml.internal.bind.unmarshaller.DOMScanner.visit(DOMScanner.java:266)
	at com.sun.xml.internal.bind.unmarshaller.DOMScanner.visit(DOMScanner.java:235)
	at com.sun.xml.internal.bind.unmarshaller.DOMScanner.visit(DOMScanner.java:266)
	at com.sun.xml.internal.bind.unmarshaller.DOMScanner.visit(DOMScanner.java:235)
	at com.sun.xml.internal.bind.unmarshaller.DOMScanner.visit(DOMScanner.java:266)
	at com.sun.xml.internal.bind.unmarshaller.DOMScanner.visit(DOMScanner.java:235)
	at com.sun.xml.internal.bind.unmarshaller.DOMScanner.scan(DOMScanner.java:112)
	at com.sun.xml.internal.bind.unmarshaller.DOMScanner.scan(DOMScanner.java:95)
	at com.sun.xml.internal.bind.v2.runtime.unmarshaller.UnmarshallerImpl.unmarshal0(UnmarshallerImpl.java:356)
	at com.sun.xml.internal.bind.v2.runtime.unmarshaller.UnmarshallerImpl.unmarshal(UnmarshallerImpl.java:337)
	at barley.analytics.datasource.core.util.GenericUtils.populateSystemDataSource(GenericUtils.java:493)
	... 28 more
Caused by: java.lang.AbstractMethodError: javax.xml.transform.TransformerFactory.setFeature(Ljava/lang/String;Z)V
	at com.sun.xml.internal.bind.v2.util.XmlFactory.createTransformerFactory(XmlFactory.java:169)
	... 50 more
]]>
    </failure>
  </testcase> <!-- testDataRecordAddRetrieve -->
  <testcase name="testDuplicateRecordDelete" time="0.001" classname="barley.analytics.datasource.rdbms.mysql.MySQLAnalyticsRecordStoreTest">
    <failure type="barley.analytics.datasource.commons.exception.AnalyticsException" message="Error in loading data source: Error in initializing system data sources at &#039;D:\Workspace_STS_SaaSPlatform\Workspace_STS_Analytics\barley-analytics\analytics-data-connectors\barley.analytics.datasource.rdbms\src\test\resources\conf3\datasources\analytics-datasources.xml&#039; - You are running with invalid JAXP api or implementation. JAXP api/implementation of version 1.3.1 (included in JDK6) or higher is required. In case you are using ant, make sure ant 1.7.0 or higher is used - older versions of ant contain JAXP api/impl version 1.2 (in xml-apis.jar). If you want to keep using older ant versions, you have to configure it to use higher the JAXP api/impl versions.">
      <![CDATA[barley.analytics.datasource.commons.exception.AnalyticsException: Error in loading data source: Error in initializing system data sources at 'D:\Workspace_STS_SaaSPlatform\Workspace_STS_Analytics\barley-analytics\analytics-data-connectors\barley.analytics.datasource.rdbms\src\test\resources\conf3\datasources\analytics-datasources.xml' - You are running with invalid JAXP api or implementation. JAXP api/implementation of version 1.3.1 (included in JDK6) or higher is required. In case you are using ant, make sure ant 1.7.0 or higher is used - older versions of ant contain JAXP api/impl version 1.2 (in xml-apis.jar). If you want to keep using older ant versions, you have to configure it to use higher the JAXP api/impl versions.
	at barley.analytics.datasource.rdbms.RDBMSAnalyticsRecordStore.init(RDBMSAnalyticsRecordStore.java:99)
	at barley.analytics.datasource.rdbms.mysql.MySQLAnalyticsRecordStoreTest.setup(MySQLAnalyticsRecordStoreTest.java:47)
	at sun.reflect.NativeMethodAccessorImpl.invoke0(Native Method)
	at sun.reflect.NativeMethodAccessorImpl.invoke(NativeMethodAccessorImpl.java:62)
	at sun.reflect.DelegatingMethodAccessorImpl.invoke(DelegatingMethodAccessorImpl.java:43)
	at java.lang.reflect.Method.invoke(Method.java:498)
	at org.testng.internal.MethodInvocationHelper.invokeMethod(MethodInvocationHelper.java:80)
	at org.testng.internal.Invoker.invokeConfigurationMethod(Invoker.java:564)
	at org.testng.internal.Invoker.invokeConfigurations(Invoker.java:213)
	at org.testng.internal.Invoker.invokeConfigurations(Invoker.java:138)
	at org.testng.internal.TestMethodWorker.invokeBeforeClassMethods(TestMethodWorker.java:175)
	at org.testng.internal.TestMethodWorker.run(TestMethodWorker.java:107)
	at org.testng.TestRunner.privateRun(TestRunner.java:767)
	at org.testng.TestRunner.run(TestRunner.java:617)
	at org.testng.SuiteRunner.runTest(SuiteRunner.java:334)
	at org.testng.SuiteRunner.runSequentially(SuiteRunner.java:329)
	at org.testng.SuiteRunner.privateRun(SuiteRunner.java:291)
	at org.testng.SuiteRunner.run(SuiteRunner.java:240)
	at org.testng.SuiteRunnerWorker.runSuite(SuiteRunnerWorker.java:52)
	at org.testng.SuiteRunnerWorker.run(SuiteRunnerWorker.java:86)
	at org.testng.TestNG.runSuitesSequentially(TestNG.java:1198)
	at org.testng.TestNG.runSuitesLocally(TestNG.java:1123)
	at org.testng.TestNG.run(TestNG.java:1031)
	at org.testng.remote.AbstractRemoteTestNG.run(AbstractRemoteTestNG.java:132)
	at org.testng.remote.RemoteTestNG.initAndRun(RemoteTestNG.java:230)
	at org.testng.remote.RemoteTestNG.main(RemoteTestNG.java:76)
Caused by: barley.ndatasource.common.DataSourceException: Error in initializing system data sources at 'D:\Workspace_STS_SaaSPlatform\Workspace_STS_Analytics\barley-analytics\analytics-data-connectors\barley.analytics.datasource.rdbms\src\test\resources\conf3\datasources\analytics-datasources.xml' - You are running with invalid JAXP api or implementation. JAXP api/implementation of version 1.3.1 (included in JDK6) or higher is required. In case you are using ant, make sure ant 1.7.0 or higher is used - older versions of ant contain JAXP api/impl version 1.2 (in xml-apis.jar). If you want to keep using older ant versions, you have to configure it to use higher the JAXP api/impl versions.
	at barley.analytics.datasource.core.util.GenericUtils.populateSystemDataSource(GenericUtils.java:503)
	at barley.analytics.datasource.core.util.GenericUtils.createGlobalCustomDataSourceRepo(GenericUtils.java:635)
	at barley.analytics.datasource.core.util.GenericUtils.loadGlobalDataSource(GenericUtils.java:662)
	at barley.analytics.datasource.rdbms.RDBMSAnalyticsRecordStore.init(RDBMSAnalyticsRecordStore.java:97)
	... 25 more
Caused by: java.lang.IllegalStateException: You are running with invalid JAXP api or implementation. JAXP api/implementation of version 1.3.1 (included in JDK6) or higher is required. In case you are using ant, make sure ant 1.7.0 or higher is used - older versions of ant contain JAXP api/impl version 1.2 (in xml-apis.jar). If you want to keep using older ant versions, you have to configure it to use higher the JAXP api/impl versions.
	at com.sun.xml.internal.bind.v2.util.XmlFactory.createTransformerFactory(XmlFactory.java:176)
	at com.sun.xml.internal.bind.v2.runtime.JAXBContextImpl.createTransformerHandler(JAXBContextImpl.java:712)
	at com.sun.xml.internal.bind.v2.runtime.unmarshaller.DomLoader$State.<init>(DomLoader.java:60)
	at com.sun.xml.internal.bind.v2.runtime.unmarshaller.DomLoader.startElement(DomLoader.java:103)
	at com.sun.xml.internal.bind.v2.runtime.unmarshaller.ProxyLoader.startElement(ProxyLoader.java:45)
	at com.sun.xml.internal.bind.v2.runtime.unmarshaller.UnmarshallingContext._startElement(UnmarshallingContext.java:559)
	at com.sun.xml.internal.bind.v2.runtime.unmarshaller.UnmarshallingContext.startElement(UnmarshallingContext.java:538)
	at com.sun.xml.internal.bind.v2.runtime.unmarshaller.InterningXmlVisitor.startElement(InterningXmlVisitor.java:60)
	at com.sun.xml.internal.bind.v2.runtime.unmarshaller.SAXConnector.startElement(SAXConnector.java:153)
	at com.sun.xml.internal.bind.unmarshaller.DOMScanner.visit(DOMScanner.java:229)
	at com.sun.xml.internal.bind.unmarshaller.DOMScanner.visit(DOMScanner.java:266)
	at com.sun.xml.internal.bind.unmarshaller.DOMScanner.visit(DOMScanner.java:235)
	at com.sun.xml.internal.bind.unmarshaller.DOMScanner.visit(DOMScanner.java:266)
	at com.sun.xml.internal.bind.unmarshaller.DOMScanner.visit(DOMScanner.java:235)
	at com.sun.xml.internal.bind.unmarshaller.DOMScanner.visit(DOMScanner.java:266)
	at com.sun.xml.internal.bind.unmarshaller.DOMScanner.visit(DOMScanner.java:235)
	at com.sun.xml.internal.bind.unmarshaller.DOMScanner.visit(DOMScanner.java:266)
	at com.sun.xml.internal.bind.unmarshaller.DOMScanner.visit(DOMScanner.java:235)
	at com.sun.xml.internal.bind.unmarshaller.DOMScanner.scan(DOMScanner.java:112)
	at com.sun.xml.internal.bind.unmarshaller.DOMScanner.scan(DOMScanner.java:95)
	at com.sun.xml.internal.bind.v2.runtime.unmarshaller.UnmarshallerImpl.unmarshal0(UnmarshallerImpl.java:356)
	at com.sun.xml.internal.bind.v2.runtime.unmarshaller.UnmarshallerImpl.unmarshal(UnmarshallerImpl.java:337)
	at barley.analytics.datasource.core.util.GenericUtils.populateSystemDataSource(GenericUtils.java:493)
	... 28 more
Caused by: java.lang.AbstractMethodError: javax.xml.transform.TransformerFactory.setFeature(Ljava/lang/String;Z)V
	at com.sun.xml.internal.bind.v2.util.XmlFactory.createTransformerFactory(XmlFactory.java:169)
	... 50 more
]]>
    </failure>
  </testcase> <!-- testDuplicateRecordDelete -->
  <testcase name="testMultipleDataRecordAddRetieve" time="0.000" classname="barley.analytics.datasource.rdbms.mysql.MySQLAnalyticsRecordStoreTest">
    <failure type="barley.analytics.datasource.commons.exception.AnalyticsException" message="Error in loading data source: Error in initializing system data sources at &#039;D:\Workspace_STS_SaaSPlatform\Workspace_STS_Analytics\barley-analytics\analytics-data-connectors\barley.analytics.datasource.rdbms\src\test\resources\conf3\datasources\analytics-datasources.xml&#039; - You are running with invalid JAXP api or implementation. JAXP api/implementation of version 1.3.1 (included in JDK6) or higher is required. In case you are using ant, make sure ant 1.7.0 or higher is used - older versions of ant contain JAXP api/impl version 1.2 (in xml-apis.jar). If you want to keep using older ant versions, you have to configure it to use higher the JAXP api/impl versions.">
      <![CDATA[barley.analytics.datasource.commons.exception.AnalyticsException: Error in loading data source: Error in initializing system data sources at 'D:\Workspace_STS_SaaSPlatform\Workspace_STS_Analytics\barley-analytics\analytics-data-connectors\barley.analytics.datasource.rdbms\src\test\resources\conf3\datasources\analytics-datasources.xml' - You are running with invalid JAXP api or implementation. JAXP api/implementation of version 1.3.1 (included in JDK6) or higher is required. In case you are using ant, make sure ant 1.7.0 or higher is used - older versions of ant contain JAXP api/impl version 1.2 (in xml-apis.jar). If you want to keep using older ant versions, you have to configure it to use higher the JAXP api/impl versions.
	at barley.analytics.datasource.rdbms.RDBMSAnalyticsRecordStore.init(RDBMSAnalyticsRecordStore.java:99)
	at barley.analytics.datasource.rdbms.mysql.MySQLAnalyticsRecordStoreTest.setup(MySQLAnalyticsRecordStoreTest.java:47)
	at sun.reflect.NativeMethodAccessorImpl.invoke0(Native Method)
	at sun.reflect.NativeMethodAccessorImpl.invoke(NativeMethodAccessorImpl.java:62)
	at sun.reflect.DelegatingMethodAccessorImpl.invoke(DelegatingMethodAccessorImpl.java:43)
	at java.lang.reflect.Method.invoke(Method.java:498)
	at org.testng.internal.MethodInvocationHelper.invokeMethod(MethodInvocationHelper.java:80)
	at org.testng.internal.Invoker.invokeConfigurationMethod(Invoker.java:564)
	at org.testng.internal.Invoker.invokeConfigurations(Invoker.java:213)
	at org.testng.internal.Invoker.invokeConfigurations(Invoker.java:138)
	at org.testng.internal.TestMethodWorker.invokeBeforeClassMethods(TestMethodWorker.java:175)
	at org.testng.internal.TestMethodWorker.run(TestMethodWorker.java:107)
	at org.testng.TestRunner.privateRun(TestRunner.java:767)
	at org.testng.TestRunner.run(TestRunner.java:617)
	at org.testng.SuiteRunner.runTest(SuiteRunner.java:334)
	at org.testng.SuiteRunner.runSequentially(SuiteRunner.java:329)
	at org.testng.SuiteRunner.privateRun(SuiteRunner.java:291)
	at org.testng.SuiteRunner.run(SuiteRunner.java:240)
	at org.testng.SuiteRunnerWorker.runSuite(SuiteRunnerWorker.java:52)
	at org.testng.SuiteRunnerWorker.run(SuiteRunnerWorker.java:86)
	at org.testng.TestNG.runSuitesSequentially(TestNG.java:1198)
	at org.testng.TestNG.runSuitesLocally(TestNG.java:1123)
	at org.testng.TestNG.run(TestNG.java:1031)
	at org.testng.remote.AbstractRemoteTestNG.run(AbstractRemoteTestNG.java:132)
	at org.testng.remote.RemoteTestNG.initAndRun(RemoteTestNG.java:230)
	at org.testng.remote.RemoteTestNG.main(RemoteTestNG.java:76)
Caused by: barley.ndatasource.common.DataSourceException: Error in initializing system data sources at 'D:\Workspace_STS_SaaSPlatform\Workspace_STS_Analytics\barley-analytics\analytics-data-connectors\barley.analytics.datasource.rdbms\src\test\resources\conf3\datasources\analytics-datasources.xml' - You are running with invalid JAXP api or implementation. JAXP api/implementation of version 1.3.1 (included in JDK6) or higher is required. In case you are using ant, make sure ant 1.7.0 or higher is used - older versions of ant contain JAXP api/impl version 1.2 (in xml-apis.jar). If you want to keep using older ant versions, you have to configure it to use higher the JAXP api/impl versions.
	at barley.analytics.datasource.core.util.GenericUtils.populateSystemDataSource(GenericUtils.java:503)
	at barley.analytics.datasource.core.util.GenericUtils.createGlobalCustomDataSourceRepo(GenericUtils.java:635)
	at barley.analytics.datasource.core.util.GenericUtils.loadGlobalDataSource(GenericUtils.java:662)
	at barley.analytics.datasource.rdbms.RDBMSAnalyticsRecordStore.init(RDBMSAnalyticsRecordStore.java:97)
	... 25 more
Caused by: java.lang.IllegalStateException: You are running with invalid JAXP api or implementation. JAXP api/implementation of version 1.3.1 (included in JDK6) or higher is required. In case you are using ant, make sure ant 1.7.0 or higher is used - older versions of ant contain JAXP api/impl version 1.2 (in xml-apis.jar). If you want to keep using older ant versions, you have to configure it to use higher the JAXP api/impl versions.
	at com.sun.xml.internal.bind.v2.util.XmlFactory.createTransformerFactory(XmlFactory.java:176)
	at com.sun.xml.internal.bind.v2.runtime.JAXBContextImpl.createTransformerHandler(JAXBContextImpl.java:712)
	at com.sun.xml.internal.bind.v2.runtime.unmarshaller.DomLoader$State.<init>(DomLoader.java:60)
	at com.sun.xml.internal.bind.v2.runtime.unmarshaller.DomLoader.startElement(DomLoader.java:103)
	at com.sun.xml.internal.bind.v2.runtime.unmarshaller.ProxyLoader.startElement(ProxyLoader.java:45)
	at com.sun.xml.internal.bind.v2.runtime.unmarshaller.UnmarshallingContext._startElement(UnmarshallingContext.java:559)
	at com.sun.xml.internal.bind.v2.runtime.unmarshaller.UnmarshallingContext.startElement(UnmarshallingContext.java:538)
	at com.sun.xml.internal.bind.v2.runtime.unmarshaller.InterningXmlVisitor.startElement(InterningXmlVisitor.java:60)
	at com.sun.xml.internal.bind.v2.runtime.unmarshaller.SAXConnector.startElement(SAXConnector.java:153)
	at com.sun.xml.internal.bind.unmarshaller.DOMScanner.visit(DOMScanner.java:229)
	at com.sun.xml.internal.bind.unmarshaller.DOMScanner.visit(DOMScanner.java:266)
	at com.sun.xml.internal.bind.unmarshaller.DOMScanner.visit(DOMScanner.java:235)
	at com.sun.xml.internal.bind.unmarshaller.DOMScanner.visit(DOMScanner.java:266)
	at com.sun.xml.internal.bind.unmarshaller.DOMScanner.visit(DOMScanner.java:235)
	at com.sun.xml.internal.bind.unmarshaller.DOMScanner.visit(DOMScanner.java:266)
	at com.sun.xml.internal.bind.unmarshaller.DOMScanner.visit(DOMScanner.java:235)
	at com.sun.xml.internal.bind.unmarshaller.DOMScanner.visit(DOMScanner.java:266)
	at com.sun.xml.internal.bind.unmarshaller.DOMScanner.visit(DOMScanner.java:235)
	at com.sun.xml.internal.bind.unmarshaller.DOMScanner.scan(DOMScanner.java:112)
	at com.sun.xml.internal.bind.unmarshaller.DOMScanner.scan(DOMScanner.java:95)
	at com.sun.xml.internal.bind.v2.runtime.unmarshaller.UnmarshallerImpl.unmarshal0(UnmarshallerImpl.java:356)
	at com.sun.xml.internal.bind.v2.runtime.unmarshaller.UnmarshallerImpl.unmarshal(UnmarshallerImpl.java:337)
	at barley.analytics.datasource.core.util.GenericUtils.populateSystemDataSource(GenericUtils.java:493)
	... 28 more
Caused by: java.lang.AbstractMethodError: javax.xml.transform.TransformerFactory.setFeature(Ljava/lang/String;Z)V
	at com.sun.xml.internal.bind.v2.util.XmlFactory.createTransformerFactory(XmlFactory.java:169)
	... 50 more
]]>
    </failure>
  </testcase> <!-- testMultipleDataRecordAddRetieve -->
  <testcase name="testMultipleDataRecordAddRetieveWithPagination2" time="0.001" classname="barley.analytics.datasource.rdbms.mysql.MySQLAnalyticsRecordStoreTest">
    <failure type="barley.analytics.datasource.commons.exception.AnalyticsException" message="Error in loading data source: Error in initializing system data sources at &#039;D:\Workspace_STS_SaaSPlatform\Workspace_STS_Analytics\barley-analytics\analytics-data-connectors\barley.analytics.datasource.rdbms\src\test\resources\conf3\datasources\analytics-datasources.xml&#039; - You are running with invalid JAXP api or implementation. JAXP api/implementation of version 1.3.1 (included in JDK6) or higher is required. In case you are using ant, make sure ant 1.7.0 or higher is used - older versions of ant contain JAXP api/impl version 1.2 (in xml-apis.jar). If you want to keep using older ant versions, you have to configure it to use higher the JAXP api/impl versions.">
      <![CDATA[barley.analytics.datasource.commons.exception.AnalyticsException: Error in loading data source: Error in initializing system data sources at 'D:\Workspace_STS_SaaSPlatform\Workspace_STS_Analytics\barley-analytics\analytics-data-connectors\barley.analytics.datasource.rdbms\src\test\resources\conf3\datasources\analytics-datasources.xml' - You are running with invalid JAXP api or implementation. JAXP api/implementation of version 1.3.1 (included in JDK6) or higher is required. In case you are using ant, make sure ant 1.7.0 or higher is used - older versions of ant contain JAXP api/impl version 1.2 (in xml-apis.jar). If you want to keep using older ant versions, you have to configure it to use higher the JAXP api/impl versions.
	at barley.analytics.datasource.rdbms.RDBMSAnalyticsRecordStore.init(RDBMSAnalyticsRecordStore.java:99)
	at barley.analytics.datasource.rdbms.mysql.MySQLAnalyticsRecordStoreTest.setup(MySQLAnalyticsRecordStoreTest.java:47)
	at sun.reflect.NativeMethodAccessorImpl.invoke0(Native Method)
	at sun.reflect.NativeMethodAccessorImpl.invoke(NativeMethodAccessorImpl.java:62)
	at sun.reflect.DelegatingMethodAccessorImpl.invoke(DelegatingMethodAccessorImpl.java:43)
	at java.lang.reflect.Method.invoke(Method.java:498)
	at org.testng.internal.MethodInvocationHelper.invokeMethod(MethodInvocationHelper.java:80)
	at org.testng.internal.Invoker.invokeConfigurationMethod(Invoker.java:564)
	at org.testng.internal.Invoker.invokeConfigurations(Invoker.java:213)
	at org.testng.internal.Invoker.invokeConfigurations(Invoker.java:138)
	at org.testng.internal.TestMethodWorker.invokeBeforeClassMethods(TestMethodWorker.java:175)
	at org.testng.internal.TestMethodWorker.run(TestMethodWorker.java:107)
	at org.testng.TestRunner.privateRun(TestRunner.java:767)
	at org.testng.TestRunner.run(TestRunner.java:617)
	at org.testng.SuiteRunner.runTest(SuiteRunner.java:334)
	at org.testng.SuiteRunner.runSequentially(SuiteRunner.java:329)
	at org.testng.SuiteRunner.privateRun(SuiteRunner.java:291)
	at org.testng.SuiteRunner.run(SuiteRunner.java:240)
	at org.testng.SuiteRunnerWorker.runSuite(SuiteRunnerWorker.java:52)
	at org.testng.SuiteRunnerWorker.run(SuiteRunnerWorker.java:86)
	at org.testng.TestNG.runSuitesSequentially(TestNG.java:1198)
	at org.testng.TestNG.runSuitesLocally(TestNG.java:1123)
	at org.testng.TestNG.run(TestNG.java:1031)
	at org.testng.remote.AbstractRemoteTestNG.run(AbstractRemoteTestNG.java:132)
	at org.testng.remote.RemoteTestNG.initAndRun(RemoteTestNG.java:230)
	at org.testng.remote.RemoteTestNG.main(RemoteTestNG.java:76)
[...]
	at org.testng.SuiteRunnerWorker.runSuite(SuiteRunnerWorker.java:52)
	at org.testng.SuiteRunnerWorker.run(SuiteRunnerWorker.java:86)
	at org.testng.TestNG.runSuitesSequentially(TestNG.java:1198)
	at org.testng.TestNG.runSuitesLocally(TestNG.java:1123)
	at org.testng.TestNG.run(TestNG.java:1031)
	at org.testng.remote.AbstractRemoteTestNG.run(AbstractRemoteTestNG.java:132)
	at org.testng.remote.RemoteTestNG.initAndRun(RemoteTestNG.java:230)
	at org.testng.remote.RemoteTestNG.main(RemoteTestNG.java:76)
Caused by: barley.ndatasource.common.DataSourceException: Error in initializing system data sources at 'D:\Workspace_STS_SaaSPlatform\Workspace_STS_Analytics\barley-analytics\analytics-data-connectors\barley.analytics.datasource.rdbms\src\test\resources\conf3\datasources\analytics-datasources.xml' - You are running with invalid JAXP api or implementation. JAXP api/implementation of version 1.3.1 (included in JDK6) or higher is required. In case you are using ant, make sure ant 1.7.0 or higher is used - older versions of ant contain JAXP api/impl version 1.2 (in xml-apis.jar). If you want to keep using older ant versions, you have to configure it to use higher the JAXP api/impl versions.
	at barley.analytics.datasource.core.util.GenericUtils.populateSystemDataSource(GenericUtils.java:503)
	at barley.analytics.datasource.core.util.GenericUtils.createGlobalCustomDataSourceRepo(GenericUtils.java:635)
	at barley.analytics.datasource.core.util.GenericUtils.loadGlobalDataSource(GenericUtils.java:662)
	at barley.analytics.datasource.rdbms.RDBMSAnalyticsRecordStore.init(RDBMSAnalyticsRecordStore.java:97)
	... 25 more
Caused by: java.lang.IllegalStateException: You are running with invalid JAXP api or implementation. JAXP api/implementation of version 1.3.1 (included in JDK6) or higher is required. In case you are using ant, make sure ant 1.7.0 or higher is used - older versions of ant contain JAXP api/impl version 1.2 (in xml-apis.jar). If you want to keep using older ant versions, you have to configure it to use higher the JAXP api/impl versions.
	at com.sun.xml.internal.bind.v2.util.XmlFactory.createTransformerFactory(XmlFactory.java:176)
	at com.sun.xml.internal.bind.v2.runtime.JAXBContextImpl.createTransformerHandler(JAXBContextImpl.java:712)
	at com.sun.xml.internal.bind.v2.runtime.unmarshaller.DomLoader$State.<init>(DomLoader.java:60)
	at com.sun.xml.internal.bind.v2.runtime.unmarshaller.DomLoader.startElement(DomLoader.java:103)
	at com.sun.xml.internal.bind.v2.runtime.unmarshaller.ProxyLoader.startElement(ProxyLoader.java:45)
	at com.sun.xml.internal.bind.v2.runtime.unmarshaller.UnmarshallingContext._startElement(UnmarshallingContext.java:559)
	at com.sun.xml.internal.bind.v2.runtime.unmarshaller.UnmarshallingContext.startElement(UnmarshallingContext.java:538)
	at com.sun.xml.internal.bind.v2.runtime.unmarshaller.InterningXmlVisitor.startElement(InterningXmlVisitor.java:60)
	at com.sun.xml.internal.bind.v2.runtime.unmarshaller.SAXConnector.startElement(SAXConnector.java:153)
	at com.sun.xml.internal.bind.unmarshaller.DOMScanner.visit(DOMScanner.java:229)
	at com.sun.xml.internal.bind.unmarshaller.DOMScanner.visit(DOMScanner.java:266)
	at com.sun.xml.internal.bind.unmarshaller.DOMScanner.visit(DOMScanner.java:235)
	at com.sun.xml.internal.bind.unmarshaller.DOMScanner.visit(DOMScanner.java:266)
	at com.sun.xml.internal.bind.unmarshaller.DOMScanner.visit(DOMScanner.java:235)
	at com.sun.xml.internal.bind.unmarshaller.DOMScanner.visit(DOMScanner.java:266)
	at com.sun.xml.internal.bind.unmarshaller.DOMScanner.visit(DOMScanner.java:235)
	at com.sun.xml.internal.bind.unmarshaller.DOMScanner.visit(DOMScanner.java:266)
	at com.sun.xml.internal.bind.unmarshaller.DOMScanner.visit(DOMScanner.java:235)
	at com.sun.xml.internal.bind.unmarshaller.DOMScanner.scan(DOMScanner.java:112)
	at com.sun.xml.internal.bind.unmarshaller.DOMScanner.scan(DOMScanner.java:95)
	at com.sun.xml.internal.bind.v2.runtime.unmarshaller.UnmarshallerImpl.unmarshal0(UnmarshallerImpl.java:356)
	at com.sun.xml.internal.bind.v2.runtime.unmarshaller.UnmarshallerImpl.unmarshal(UnmarshallerImpl.java:337)
	at barley.analytics.datasource.core.util.GenericUtils.populateSystemDataSource(GenericUtils.java:493)
	... 28 more
Caused by: java.lang.AbstractMethodError: javax.xml.transform.TransformerFactory.setFeature(Ljava/lang/String;Z)V
	at com.sun.xml.internal.bind.v2.util.XmlFactory.createTransformerFactory(XmlFactory.java:169)
	... 50 more
]]>
    </failure>
  </testcase> <!-- testMultipleDataRecordAddRetieveWithTimestampRange1 -->
  <testcase name="testMultipleDataRecordAddRetieveWithTimestampRange2" time="0.001" classname="barley.analytics.datasource.rdbms.mysql.MySQLAnalyticsRecordStoreTest">
    <failure type="barley.analytics.datasource.commons.exception.AnalyticsException" message="Error in loading data source: Error in initializing system data sources at &#039;D:\Workspace_STS_SaaSPlatform\Workspace_STS_Analytics\barley-analytics\analytics-data-connectors\barley.analytics.datasource.rdbms\src\test\resources\conf3\datasources\analytics-datasources.xml&#039; - You are running with invalid JAXP api or implementation. JAXP api/implementation of version 1.3.1 (included in JDK6) or higher is required. In case you are using ant, make sure ant 1.7.0 or higher is used - older versions of ant contain JAXP api/impl version 1.2 (in xml-apis.jar). If you want to keep using older ant versions, you have to configure it to use higher the JAXP api/impl versions.">
      <![CDATA[barley.analytics.datasource.commons.exception.AnalyticsException: Error in loading data source: Error in initializing system data sources at 'D:\Workspace_STS_SaaSPlatform\Workspace_STS_Analytics\barley-analytics\analytics-data-connectors\barley.analytics.datasource.rdbms\src\test\resources\conf3\datasources\analytics-datasources.xml' - You are running with invalid JAXP api or implementation. JAXP api/implementation of version 1.3.1 (included in JDK6) or higher is required. In case you are using ant, make sure ant 1.7.0 or higher is used - older versions of ant contain JAXP api/impl version 1.2 (in xml-apis.jar). If you want to keep using older ant versions, you have to configure it to use higher the JAXP api/impl versions.
	at barley.analytics.datasource.rdbms.RDBMSAnalyticsRecordStore.init(RDBMSAnalyticsRecordStore.java:99)
	at barley.analytics.datasource.rdbms.mysql.MySQLAnalyticsRecordStoreTest.setup(MySQLAnalyticsRecordStoreTest.java:47)
	at sun.reflect.NativeMethodAccessorImpl.invoke0(Native Method)
	at sun.reflect.NativeMethodAccessorImpl.invoke(NativeMethodAccessorImpl.java:62)
	at sun.reflect.DelegatingMethodAccessorImpl.invoke(DelegatingMethodAccessorImpl.java:43)
	at java.lang.reflect.Method.invoke(Method.java:498)
	at org.testng.internal.MethodInvocationHelper.invokeMethod(MethodInvocationHelper.java:80)
	at org.testng.internal.Invoker.invokeConfigurationMethod(Invoker.java:564)
	at org.testng.internal.Invoker.invokeConfigurations(Invoker.java:213)
	at org.testng.internal.Invoker.invokeConfigurations(Invoker.java:138)
	at org.testng.internal.TestMethodWorker.invokeBeforeClassMethods(TestMethodWorker.java:175)
	at org.testng.internal.TestMethodWorker.run(TestMethodWorker.java:107)
	at org.testng.TestRunner.privateRun(TestRunner.java:767)
	at org.testng.TestRunner.run(TestRunner.java:617)
	at org.testng.SuiteRunner.runTest(SuiteRunner.java:334)
	at org.testng.SuiteRunner.runSequentially(SuiteRunner.java:329)
	at org.testng.SuiteRunner.privateRun(SuiteRunner.java:291)
	at org.testng.SuiteRunner.run(SuiteRunner.java:240)
	at org.testng.SuiteRunnerWorker.runSuite(SuiteRunnerWorker.java:52)
	at org.testng.SuiteRunnerWorker.run(SuiteRunnerWorker.java:86)
	at org.testng.TestNG.runSuitesSequentially(TestNG.java:1198)
	at org.testng.TestNG.runSuitesLocally(TestNG.java:1123)
	at org.testng.TestNG.run(TestNG.java:1031)
	at org.testng.remote.AbstractRemoteTestNG.run(AbstractRemoteTestNG.java:132)
	at org.testng.remote.RemoteTestNG.initAndRun(RemoteTestNG.java:230)
	at org.testng.remote.RemoteTestNG.main(RemoteTestNG.java:76)
Caused by: barley.ndatasource.common.DataSourceException: Error in initializing system data sources at 'D:\Workspace_STS_SaaSPlatform\Workspace_STS_Analytics\barley-analytics\analytics-data-connectors\barley.analytics.datasource.rdbms\src\test\resources\conf3\datasources\analytics-datasources.xml' - You are running with invalid JAXP api or implementation. JAXP api/implementation of version 1.3.1 (included in JDK6) or higher is required. In case you are using ant, make sure ant 1.7.0 or higher is used - older versions of ant contain JAXP api/impl version 1.2 (in xml-apis.jar). If you want to keep using older ant versions, you have to configure it to use higher the JAXP api/impl versions.
	at barley.analytics.datasource.core.util.GenericUtils.populateSystemDataSource(GenericUtils.java:503)
	at barley.analytics.datasource.core.util.GenericUtils.createGlobalCustomDataSourceRepo(GenericUtils.java:635)
	at barley.analytics.datasource.core.util.GenericUtils.loadGlobalDataSource(GenericUtils.java:662)
	at barley.analytics.datasource.rdbms.RDBMSAnalyticsRecordStore.init(RDBMSAnalyticsRecordStore.java:97)
	... 25 more
Caused by: java.lang.IllegalStateException: You are running with invalid JAXP api or implementation. JAXP api/implementation of version 1.3.1 (included in JDK6) or higher is required. In case you are using ant, make sure ant 1.7.0 or higher is used - older versions of ant contain JAXP api/impl version 1.2 (in xml-apis.jar). If you want to keep using older ant versions, you have to configure it to use higher the JAXP api/impl versions.
	at com.sun.xml.internal.bind.v2.util.XmlFactory.createTransformerFactory(XmlFactory.java:176)
	at com.sun.xml.internal.bind.v2.runtime.JAXBContextImpl.createTransformerHandler(JAXBContextImpl.java:712)
	at com.sun.xml.internal.bind.v2.runtime.unmarshaller.DomLoader$State.<init>(DomLoader.java:60)
	at com.sun.xml.internal.bind.v2.runtime.unmarshaller.DomLoader.startElement(DomLoader.java:103)
	at com.sun.xml.internal.bind.v2.runtime.unmarshaller.ProxyLoader.startElement(ProxyLoader.java:45)
	at com.sun.xml.internal.bind.v2.runtime.unmarshaller.UnmarshallingContext._startElement(UnmarshallingContext.java:559)
	at com.sun.xml.internal.bind.v2.runtime.unmarshaller.UnmarshallingContext.startElement(UnmarshallingContext.java:538)
	at com.sun.xml.internal.bind.v2.runtime.unmarshaller.InterningXmlVisitor.startElement(InterningXmlVisitor.java:60)
	at com.sun.xml.internal.bind.v2.runtime.unmarshaller.SAXConnector.startElement(SAXConnector.java:153)
	at com.sun.xml.internal.bind.unmarshaller.DOMScanner.visit(DOMScanner.java:229)
	at com.sun.xml.internal.bind.unmarshaller.DOMScanner.visit(DOMScanner.java:266)
	at com.sun.xml.internal.bind.unmarshaller.DOMScanner.visit(DOMScanner.java:235)
	at com.sun.xml.internal.bind.unmarshaller.DOMScanner.visit(DOMScanner.java:266)
	at com.sun.xml.internal.bind.unmarshaller.DOMScanner.visit(DOMScanner.java:235)
	at com.sun.xml.internal.bind.unmarshaller.DOMScanner.visit(DOMScanner.java:266)
	at com.sun.xml.internal.bind.unmarshaller.DOMScanner.visit(DOMScanner.java:235)
	at com.sun.xml.internal.bind.unmarshaller.DOMScanner.visit(DOMScanner.java:266)
	at com.sun.xml.internal.bind.unmarshaller.DOMScanner.visit(DOMScanner.java:235)
	at com.sun.xml.internal.bind.unmarshaller.DOMScanner.scan(DOMScanner.java:112)
	at com.sun.xml.internal.bind.unmarshaller.DOMScanner.scan(DOMScanner.java:95)
	at com.sun.xml.internal.bind.v2.runtime.unmarshaller.UnmarshallerImpl.unmarshal0(UnmarshallerImpl.java:356)
	at com.sun.xml.internal.bind.v2.runtime.unmarshaller.UnmarshallerImpl.unmarshal(UnmarshallerImpl.java:337)
	at barley.analytics.datasource.core.util.GenericUtils.populateSystemDataSource(GenericUtils.java:493)
	... 28 more
Caused by: java.lang.AbstractMethodError: javax.xml.transform.TransformerFactory.setFeature(Ljava/lang/String;Z)V
	at com.sun.xml.internal.bind.v2.util.XmlFactory.createTransformerFactory(XmlFactory.java:169)
	... 50 more
]]>
    </failure>
  </testcase> <!-- testMultipleDataRecordAddRetieveWithTimestampRange2 -->
  <testcase name="testDataRecordDeleteWithTimestamps" time="0.000" classname="barley.analytics.datasource.rdbms.mysql.MySQLAnalyticsRecordStoreTest">
    <failure type="barley.analytics.datasource.commons.exception.AnalyticsException" message="Error in loading data source: Error in initializing system data sources at &#039;D:\Workspace_STS_SaaSPlatform\Workspace_STS_Analytics\barley-analytics\analytics-data-connectors\barley.analytics.datasource.rdbms\src\test\resources\conf3\datasources\analytics-datasources.xml&#039; - You are running with invalid JAXP api or implementation. JAXP api/implementation of version 1.3.1 (included in JDK6) or higher is required. In case you are using ant, make sure ant 1.7.0 or higher is used - older versions of ant contain JAXP api/impl version 1.2 (in xml-apis.jar). If you want to keep using older ant versions, you have to configure it to use higher the JAXP api/impl versions.">
      <![CDATA[barley.analytics.datasource.commons.exception.AnalyticsException: Error in loading data source: Error in initializing system data sources at 'D:\Workspace_STS_SaaSPlatform\Workspace_STS_Analytics\barley-analytics\analytics-data-connectors\barley.analytics.datasource.rdbms\src\test\resources\conf3\datasources\analytics-datasources.xml' - You are running with invalid JAXP api or implementation. JAXP api/implementation of version 1.3.1 (included in JDK6) or higher is required. In case you are using ant, make sure ant 1.7.0 or higher is used - older versions of ant contain JAXP api/impl version 1.2 (in xml-apis.jar). If you want to keep using older ant versions, you have to configure it to use higher the JAXP api/impl versions.
	at barley.analytics.datasource.rdbms.RDBMSAnalyticsRecordStore.init(RDBMSAnalyticsRecordStore.java:99)
	at barley.analytics.datasource.rdbms.mysql.MySQLAnalyticsRecordStoreTest.setup(MySQLAnalyticsRecordStoreTest.java:47)
	at sun.reflect.NativeMethodAccessorImpl.invoke0(Native Method)
	at sun.reflect.NativeMethodAccessorImpl.invoke(NativeMethodAccessorImpl.java:62)
	at sun.reflect.DelegatingMethodAccessorImpl.invoke(DelegatingMethodAccessorImpl.java:43)
	at java.lang.reflect.Method.invoke(Method.java:498)
	at org.testng.internal.MethodInvocationHelper.invokeMethod(MethodInvocationHelper.java:80)
	at org.testng.internal.Invoker.invokeConfigurationMethod(Invoker.java:564)
	at org.testng.internal.Invoker.invokeConfigurations(Invoker.java:213)
	at org.testng.internal.Invoker.invokeConfigurations(Invoker.java:138)
	at org.testng.internal.TestMethodWorker.invokeBeforeClassMethods(TestMethodWorker.java:175)
	at org.testng.internal.TestMethodWorker.run(TestMethodWorker.java:107)
	at org.testng.TestRunner.privateRun(TestRunner.java:767)
	at org.testng.TestRunner.run(TestRunner.java:617)
	at org.testng.SuiteRunner.runTest(SuiteRunner.java:334)
	at org.testng.SuiteRunner.runSequentially(SuiteRunner.java:329)
	at org.testng.SuiteRunner.privateRun(SuiteRunner.java:291)
	at org.testng.SuiteRunner.run(SuiteRunner.java:240)
	at org.testng.SuiteRunnerWorker.runSuite(SuiteRunnerWorker.java:52)
	at org.testng.SuiteRunnerWorker.run(SuiteRunnerWorker.java:86)
	at org.testng.TestNG.runSuitesSequentially(TestNG.java:1198)
	at org.testng.TestNG.runSuitesLocally(TestNG.java:1123)
	at org.testng.TestNG.run(TestNG.java:1031)
	at org.testng.remote.AbstractRemoteTestNG.run(AbstractRemoteTestNG.java:132)
	at org.testng.remote.RemoteTestNG.initAndRun(RemoteTestNG.java:230)
	at org.testng.remote.RemoteTestNG.main(RemoteTestNG.java:76)
Caused by: barley.ndatasource.common.DataSourceException: Error in initializing system data sources at 'D:\Workspace_STS_SaaSPlatform\Workspace_STS_Analytics\barley-analytics\analytics-data-connectors\barley.analytics.datasource.rdbms\src\test\resources\conf3\datasources\analytics-datasources.xml' - You are running with invalid JAXP api or implementation. JAXP api/implementation of version 1.3.1 (included in JDK6) or higher is required. In case you are using ant, make sure ant 1.7.0 or higher is used - older versions of ant contain JAXP api/impl version 1.2 (in xml-apis.jar). If you want to keep using older ant versions, you have to configure it to use higher the JAXP api/impl versions.
	at barley.analytics.datasource.core.util.GenericUtils.populateSystemDataSource(GenericUtils.java:503)
	at barley.analytics.datasource.core.util.GenericUtils.createGlobalCustomDataSourceRepo(GenericUtils.java:635)
	at barley.analytics.datasource.core.util.GenericUtils.loadGlobalDataSource(GenericUtils.java:662)
	at barley.analytics.datasource.rdbms.RDBMSAnalyticsRecordStore.init(RDBMSAnalyticsRecordStore.java:97)
	... 25 more
Caused by: java.lang.IllegalStateException: You are running with invalid JAXP api or implementation. JAXP api/implementation of version 1.3.1 (included in JDK6) or higher is required. In case you are using ant, make sure ant 1.7.0 or higher is used - older versions of ant contain JAXP api/impl version 1.2 (in xml-apis.jar). If you want to keep using older ant versions, you have to configure it to use higher the JAXP api/impl versions.
	at com.sun.xml.internal.bind.v2.util.XmlFactory.createTransformerFactory(XmlFactory.java:176)
	at com.sun.xml.internal.bind.v2.runtime.JAXBContextImpl.createTransformerHandler(JAXBContextImpl.java:712)
	at com.sun.xml.internal.bind.v2.runtime.unmarshaller.DomLoader$State.<init>(DomLoader.java:60)
	at com.sun.xml.internal.bind.v2.runtime.unmarshaller.DomLoader.startElement(DomLoader.java:103)
	at com.sun.xml.internal.bind.v2.runtime.unmarshaller.ProxyLoader.startElement(ProxyLoader.java:45)
	at com.sun.xml.internal.bind.v2.runtime.unmarshaller.UnmarshallingContext._startElement(UnmarshallingContext.java:559)
	at com.sun.xml.internal.bind.v2.runtime.unmarshaller.UnmarshallingContext.startElement(UnmarshallingContext.java:538)
	at com.sun.xml.internal.bind.v2.runtime.unmarshaller.InterningXmlVisitor.startElement(InterningXmlVisitor.java:60)
	at com.sun.xml.internal.bind.v2.runtime.unmarshaller.SAXConnector.startElement(SAXConnector.java:153)
	at com.sun.xml.internal.bind.unmarshaller.DOMScanner.visit(DOMScanner.java:229)
	at com.sun.xml.internal.bind.unmarshaller.DOMScanner.visit(DOMScanner.java:266)
	at com.sun.xml.internal.bind.unmarshaller.DOMScanner.visit(DOMScanner.java:235)
	at com.sun.xml.internal.bind.unmarshaller.DOMScanner.visit(DOMScanner.java:266)
	at com.sun.xml.internal.bind.unmarshaller.DOMScanner.visit(DOMScanner.java:235)
	at com.sun.xml.internal.bind.unmarshaller.DOMScanner.visit(DOMScanner.java:266)
	at com.sun.xml.internal.bind.unmarshaller.DOMScanner.visit(DOMScanner.java:235)
	at com.sun.xml.internal.bind.unmarshaller.DOMScanner.visit(DOMScanner.java:266)
	at com.sun.xml.internal.bind.unmarshaller.DOMScanner.visit(DOMScanner.java:235)
	at com.sun.xml.internal.bind.unmarshaller.DOMScanner.scan(DOMScanner.java:112)
	at com.sun.xml.internal.bind.unmarshaller.DOMScanner.scan(DOMScanner.java:95)
	at com.sun.xml.internal.bind.v2.runtime.unmarshaller.UnmarshallerImpl.unmarshal0(UnmarshallerImpl.java:356)
	at com.sun.xml.internal.bind.v2.runtime.unmarshaller.UnmarshallerImpl.unmarshal(UnmarshallerImpl.java:337)
	at barley.analytics.datasource.core.util.GenericUtils.populateSystemDataSource(GenericUtils.java:493)
	... 28 more
Caused by: java.lang.AbstractMethodError: javax.xml.transform.TransformerFactory.setFeature(Ljava/lang/String;Z)V
	at com.sun.xml.internal.bind.v2.util.XmlFactory.createTransformerFactory(XmlFactory.java:169)
	... 50 more
]]>
    </failure>
  </testcase> <!-- testDataRecordDeleteWithTimestamps -->
</testsuite> <!-- barley.analytics.datasource.rdbms.mysql.MySQLAnalyticsRecordStoreTest -->
