<?xml version="1.0" encoding="UTF-8"?>
<testng-results skipped="18" failed="0" total="18" passed="0">
  <reporter-output>
  </reporter-output>
  <suite name="Default suite" duration-ms="29724" started-at="2019-08-02T06:32:40Z" finished-at="2019-08-02T06:33:10Z">
    <groups>
    </groups>
    <test name="Default test" duration-ms="29724" started-at="2019-08-02T06:32:40Z" finished-at="2019-08-02T06:33:10Z">
      <class name="barley.analytics.datasource.rdbms.mysql.MySQLAnalyticsRecordStoreTest">
        <test-method status="FAIL" signature="setup()[pri:0, instance:barley.analytics.datasource.rdbms.mysql.MySQLAnalyticsRecordStoreTest@76505305]" name="setup" is-config="true" duration-ms="0" started-at="2019-08-02T15:32:40Z" finished-at="2019-08-02T15:32:40Z">
          <exception class="barley.analytics.datasource.commons.exception.AnalyticsException">
            <message>
              <![CDATA[Error in loading data source: Error in initializing system data sources at 'D:\Workspace_STS_SaaSPlatform\Workspace_STS_Analytics\barley-analytics\analytics-data-connectors\barley.analytics.datasource.rdbms\src\test\resources\conf3\datasources\analytics-datasources.xml' - You are running with invalid JAXP api or implementation. JAXP api/implementation of version 1.3.1 (included in JDK6) or higher is required. In case you are using ant, make sure ant 1.7.0 or higher is used - older versions of ant contain JAXP api/impl version 1.2 (in xml-apis.jar). If you want to keep using older ant versions, you have to configure it to use higher the JAXP api/impl versions.]]>
            </message>
            <full-stacktrace>
              <![CDATA[barley.analytics.datasource.commons.exception.AnalyticsException: Error in loading data source: Error in initializing system data sources at 'D:\Workspace_STS_SaaSPlatform\Workspace_STS_Analytics\barley-analytics\analytics-data-connectors\barley.analytics.datasource.rdbms\src\test\resources\conf3\datasources\analytics-datasources.xml' - You are running with invalid JAXP api or implementation. JAXP api/implementation of version 1.3.1 (included in JDK6) or higher is required. In case you are using ant, make sure ant 1.7.0 or higher is used - older versions of ant contain JAXP api/impl version 1.2 (in xml-apis.jar). If you want to keep using older ant versions, you have to configure it to use higher the JAXP api/impl versions.
	at barley.analytics.datasource.rdbms.RDBMSAnalyticsRecordStore.init(RDBMSAnalyticsRecordStore.java:99)
	at barley.analytics.datasource.rdbms.mysql.MySQLAnalyticsRecordStoreTest.setup(MySQLAnalyticsRecordStoreTest.java:47)
	at sun.reflect.NativeMethodAccessorImpl.invoke0(Native Method)
	at sun.reflect.NativeMethodAccessorImpl.invoke(NativeMethodAccessorImpl.java:62)
	at sun.reflect.DelegatingMethodAccessorImpl.invoke(DelegatingMethodAccessorImpl.java:43)
	at java.lang.reflect.Method.invoke(Method.java:498)
	at org.testng.internal.MethodInvocationHelper.invokeMethod(MethodInvocationHelper.java:80)
	at org.testng.internal.Invoker.invokeConfigurationMethod(Invoker.java:564)
	at org.testng.internal.Invoker.invokeConfigurations(Invoker.java:213)
	at org.testng.internal.Invoker.invokeConfigurations(Invoker.java:138)
	at org.testng.internal.TestMethodWorker.invokeBeforeClassMethods(TestMethodWorker.java:175)
	at org.testng.internal.TestMethodWorker.run(TestMethodWorker.java:107)
	at org.testng.TestRunner.privateRun(TestRunner.java:767)
	at org.testng.TestRunner.run(TestRunner.java:617)
	at org.testng.SuiteRunner.runTest(SuiteRunner.java:334)
	at org.testng.SuiteRunner.runSequentially(SuiteRunner.java:329)
	at org.testng.SuiteRunner.privateRun(SuiteRunner.java:291)
	at org.testng.SuiteRunner.run(SuiteRunner.java:240)
	at org.testng.SuiteRunnerWorker.runSuite(SuiteRunnerWorker.java:52)
	at org.testng.SuiteRunnerWorker.run(SuiteRunnerWorker.java:86)
	at org.testng.TestNG.runSuitesSequentially(TestNG.java:1198)
	at org.testng.TestNG.runSuitesLocally(TestNG.java:1123)
	at org.testng.TestNG.run(TestNG.java:1031)
	at org.testng.remote.AbstractRemoteTestNG.run(AbstractRemoteTestNG.java:132)
	at org.testng.remote.RemoteTestNG.initAndRun(RemoteTestNG.java:230)
	at org.testng.remote.RemoteTestNG.main(RemoteTestNG.java:76)
Caused by: barley.ndatasource.common.DataSourceException: Error in initializing system data sources at 'D:\Workspace_STS_SaaSPlatform\Workspace_STS_Analytics\barley-analytics\analytics-data-connectors\barley.analytics.datasource.rdbms\src\test\resources\conf3\datasources\analytics-datasources.xml' - You are running with invalid JAXP api or implementation. JAXP api/implementation of version 1.3.1 (included in JDK6) or higher is required. In case you are using ant, make sure ant 1.7.0 or higher is used - older versions of ant contain JAXP api/impl version 1.2 (in xml-apis.jar). If you want to keep using older ant versions, you have to configure it to use higher the JAXP api/impl versions.
	at barley.analytics.datasource.core.util.GenericUtils.populateSystemDataSource(GenericUtils.java:503)
	at barley.analytics.datasource.core.util.GenericUtils.createGlobalCustomDataSourceRepo(GenericUtils.java:635)
	at barley.analytics.datasource.core.util.GenericUtils.loadGlobalDataSource(GenericUtils.java:662)
	at barley.analytics.datasource.rdbms.RDBMSAnalyticsRecordStore.init(RDBMSAnalyticsRecordStore.java:97)
	... 25 more
Caused by: java.lang.IllegalStateException: You are running with invalid JAXP api or implementation. JAXP api/implementation of version 1.3.1 (included in JDK6) or higher is required. In case you are using ant, make sure ant 1.7.0 or higher is used - older versions of ant contain JAXP api/impl version 1.2 (in xml-apis.jar). If you want to keep using older ant versions, you have to configure it to use higher the JAXP api/impl versions.
	at com.sun.xml.internal.bind.v2.util.XmlFactory.createTransformerFactory(XmlFactory.java:176)
	at com.sun.xml.internal.bind.v2.runtime.JAXBContextImpl.createTransformerHandler(JAXBContextImpl.java:712)
	at com.sun.xml.internal.bind.v2.runtime.unmarshaller.DomLoader$State.<init>(DomLoader.java:60)
	at com.sun.xml.internal.bind.v2.runtime.unmarshaller.DomLoader.startElement(DomLoader.java:103)
	at com.sun.xml.internal.bind.v2.runtime.unmarshaller.ProxyLoader.startElement(ProxyLoader.java:45)
	at com.sun.xml.internal.bind.v2.runtime.unmarshaller.UnmarshallingContext._startElement(UnmarshallingContext.java:559)
	at com.sun.xml.internal.bind.v2.runtime.unmarshaller.UnmarshallingContext.startElement(UnmarshallingContext.java:538)
	at com.sun.xml.internal.bind.v2.runtime.unmarshaller.InterningXmlVisitor.startElement(InterningXmlVisitor.java:60)
	at com.sun.xml.internal.bind.v2.runtime.unmarshaller.SAXConnector.startElement(SAXConnector.java:153)
	at com.sun.xml.internal.bind.unmarshaller.DOMScanner.visit(DOMScanner.java:229)
	at com.sun.xml.internal.bind.unmarshaller.DOMScanner.visit(DOMScanner.java:266)
	at com.sun.xml.internal.bind.unmarshaller.DOMScanner.visit(DOMScanner.java:235)
	at com.sun.xml.internal.bind.unmarshaller.DOMScanner.visit(DOMScanner.java:266)
	at com.sun.xml.internal.bind.unmarshaller.DOMScanner.visit(DOMScanner.java:235)
	at com.sun.xml.internal.bind.unmarshaller.DOMScanner.visit(DOMScanner.java:266)
	at com.sun.xml.internal.bind.unmarshaller.DOMScanner.visit(DOMScanner.java:235)
	at com.sun.xml.internal.bind.unmarshaller.DOMScanner.visit(DOMScanner.java:266)
	at com.sun.xml.internal.bind.unmarshaller.DOMScanner.visit(DOMScanner.java:235)
	at com.sun.xml.internal.bind.unmarshaller.DOMScanner.scan(DOMScanner.java:112)
	at com.sun.xml.internal.bind.unmarshaller.DOMScanner.scan(DOMScanner.java:95)
	at com.sun.xml.internal.bind.v2.runtime.unmarshaller.UnmarshallerImpl.unmarshal0(UnmarshallerImpl.java:356)
	at com.sun.xml.internal.bind.v2.runtime.unmarshaller.UnmarshallerImpl.unmarshal(UnmarshallerImpl.java:337)
	at barley.analytics.datasource.core.util.GenericUtils.populateSystemDataSource(GenericUtils.java:493)
	... 28 more
Caused by: java.lang.AbstractMethodError: javax.xml.transform.TransformerFactory.setFeature(Ljava/lang/String;Z)V
	at com.sun.xml.internal.bind.v2.util.XmlFactory.createTransformerFactory(XmlFactory.java:169)
	... 50 more
]]>
            </full-stacktrace>
          </exception> <!-- barley.analytics.datasource.commons.exception.AnalyticsException -->
          <reporter-output>
          </reporter-output>
        </test-method> <!-- setup -->
        <test-method status="SKIP" signature="testDataRecordAddReadPerformance()[pri:0, instance:barley.analytics.datasource.rdbms.mysql.MySQLAnalyticsRecordStoreTest@76505305]" name="testDataRecordAddReadPerformance" duration-ms="1" started-at="2019-08-02T15:33:10Z" finished-at="2019-08-02T15:33:10Z">
          <reporter-output>
          </reporter-output>
        </test-method> <!-- testDataRecordAddReadPerformance -->
        <test-method status="SKIP" signature="testDataRecordAddRetrieve()[pri:0, instance:barley.analytics.datasource.rdbms.mysql.MySQLAnalyticsRecordStoreTest@76505305]" name="testDataRecordAddRetrieve" duration-ms="1" started-at="2019-08-02T15:33:10Z" finished-at="2019-08-02T15:33:10Z">
          <reporter-output>
          </reporter-output>
        </test-method> <!-- testDataRecordAddRetrieve -->
        <test-method status="SKIP" signature="testDataRecordCount()[pri:0, instance:barley.analytics.datasource.rdbms.mysql.MySQLAnalyticsRecordStoreTest@76505305]" name="testDataRecordCount" duration-ms="1" started-at="2019-08-02T15:33:10Z" finished-at="2019-08-02T15:33:10Z">
          <reporter-output>
          </reporter-output>
        </test-method> <!-- testDataRecordCount -->
        <test-method status="SKIP" signature="testDataRecordDeleteWithIds()[pri:0, instance:barley.analytics.datasource.rdbms.mysql.MySQLAnalyticsRecordStoreTest@76505305]" name="testDataRecordDeleteWithIds" duration-ms="1" started-at="2019-08-02T15:33:10Z" finished-at="2019-08-02T15:33:10Z">
          <reporter-output>
          </reporter-output>
        </test-method> <!-- testDataRecordDeleteWithIds -->
        <test-method status="SKIP" signature="testDataRecordDeleteWithTimestamps()[pri:0, instance:barley.analytics.datasource.rdbms.mysql.MySQLAnalyticsRecordStoreTest@76505305]" name="testDataRecordDeleteWithTimestamps" duration-ms="0" started-at="2019-08-02T15:33:10Z" finished-at="2019-08-02T15:33:10Z">
          <reporter-output>
          </reporter-output>
        </test-method> <!-- testDataRecordDeleteWithTimestamps -->
        <test-method status="SKIP" signature="testDuplicateRecordDelete()[pri:0, instance:barley.analytics.datasource.rdbms.mysql.MySQLAnalyticsRecordStoreTest@76505305]" name="testDuplicateRecordDelete" duration-ms="1" started-at="2019-08-02T15:33:10Z" finished-at="2019-08-02T15:33:10Z">
          <reporter-output>
          </reporter-output>
        </test-method> <!-- testDuplicateRecordDelete -->
        <test-method status="SKIP" signature="testDuplicateRecordSearch()[pri:0, instance:barley.analytics.datasource.rdbms.mysql.MySQLAnalyticsRecordStoreTest@76505305]" name="testDuplicateRecordSearch" duration-ms="0" started-at="2019-08-02T15:33:10Z" finished-at="2019-08-02T15:33:10Z">
          <reporter-output>
          </reporter-output>
        </test-method> <!-- testDuplicateRecordSearch -->
        <test-method status="SKIP" signature="testLongTableNameCreate()[pri:0, instance:barley.analytics.datasource.rdbms.mysql.MySQLAnalyticsRecordStoreTest@76505305]" name="testLongTableNameCreate" duration-ms="1" started-at="2019-08-02T15:33:10Z" finished-at="2019-08-02T15:33:10Z">
          <reporter-output>
          </reporter-output>
        </test-method> <!-- testLongTableNameCreate -->
        <test-method status="SKIP" signature="testMultipleDataRecordAddRetieve()[pri:0, instance:barley.analytics.datasource.rdbms.mysql.MySQLAnalyticsRecordStoreTest@76505305]" name="testMultipleDataRecordAddRetieve" duration-ms="0" started-at="2019-08-02T15:33:10Z" finished-at="2019-08-02T15:33:10Z">
          <reporter-output>
          </reporter-output>
        </test-method> <!-- testMultipleDataRecordAddRetieve -->
        <test-method status="SKIP" signature="testMultipleDataRecordAddRetieveWithPagination1()[pri:0, instance:barley.analytics.datasource.rdbms.mysql.MySQLAnalyticsRecordStoreTest@76505305]" name="testMultipleDataRecordAddRetieveWithPagination1" duration-ms="1" started-at="2019-08-02T15:33:10Z" finished-at="2019-08-02T15:33:10Z">
          <reporter-output>
          </reporter-output>
        </test-method> <!-- testMultipleDataRecordAddRetieveWithPagination1 -->
        <test-method status="SKIP" signature="testMultipleDataRecordAddRetieveWithPagination2()[pri:0, instance:barley.analytics.datasource.rdbms.mysql.MySQLAnalyticsRecordStoreTest@76505305]" name="testMultipleDataRecordAddRetieveWithPagination2" duration-ms="1" started-at="2019-08-02T15:33:10Z" finished-at="2019-08-02T15:33:10Z">
          <reporter-output>
          </reporter-output>
        </test-method> <!-- testMultipleDataRecordAddRetieveWithPagination2 -->
        <test-method status="SKIP" signature="testMultipleDataRecordAddRetieveWithTimestampRange1()[pri:0, instance:barley.analytics.datasource.rdbms.mysql.MySQLAnalyticsRecordStoreTest@76505305]" name="testMultipleDataRecordAddRetieveWithTimestampRange1" duration-ms="0" started-at="2019-08-02T15:33:10Z" finished-at="2019-08-02T15:33:10Z">
          <reporter-output>
          </reporter-output>
        </test-method> <!-- testMultipleDataRecordAddRetieveWithTimestampRange1 -->
        <test-method status="SKIP" signature="testMultipleDataRecordAddRetieveWithTimestampRange2()[pri:0, instance:barley.analytics.datasource.rdbms.mysql.MySQLAnalyticsRecordStoreTest@76505305]" name="testMultipleDataRecordAddRetieveWithTimestampRange2" duration-ms="1" started-at="2019-08-02T15:33:10Z" finished-at="2019-08-02T15:33:10Z">
          <reporter-output>
          </reporter-output>
        </test-method> <!-- testMultipleDataRecordAddRetieveWithTimestampRange2 -->
        <test-method status="SKIP" signature="testMultipleDataRecordAddRetieveWithTimestampRange3()[pri:0, instance:barley.analytics.datasource.rdbms.mysql.MySQLAnalyticsRecordStoreTest@76505305]" name="testMultipleDataRecordAddRetieveWithTimestampRange3" duration-ms="1" started-at="2019-08-02T15:33:10Z" finished-at="2019-08-02T15:33:10Z">
          <reporter-output>
          </reporter-output>
        </test-method> <!-- testMultipleDataRecordAddRetieveWithTimestampRange3 -->
        <test-method status="SKIP" signature="testMultipleDataRecordAddRetrieveUpdate()[pri:0, instance:barley.analytics.datasource.rdbms.mysql.MySQLAnalyticsRecordStoreTest@76505305]" name="testMultipleDataRecordAddRetrieveUpdate" duration-ms="1" started-at="2019-08-02T15:33:10Z" finished-at="2019-08-02T15:33:10Z">
          <reporter-output>
          </reporter-output>
        </test-method> <!-- testMultipleDataRecordAddRetrieveUpdate -->
        <test-method status="SKIP" signature="testRecordRetrievalWithFixedCount()[pri:0, instance:barley.analytics.datasource.rdbms.mysql.MySQLAnalyticsRecordStoreTest@76505305]" name="testRecordRetrievalWithFixedCount" duration-ms="0" started-at="2019-08-02T15:33:10Z" finished-at="2019-08-02T15:33:10Z">
          <reporter-output>
          </reporter-output>
        </test-method> <!-- testRecordRetrievalWithFixedCount -->
        <test-method status="SKIP" signature="testTableCreateDelete()[pri:0, instance:barley.analytics.datasource.rdbms.mysql.MySQLAnalyticsRecordStoreTest@76505305]" name="testTableCreateDelete" duration-ms="0" started-at="2019-08-02T15:33:10Z" finished-at="2019-08-02T15:33:10Z">
          <reporter-output>
          </reporter-output>
        </test-method> <!-- testTableCreateDelete -->
        <test-method status="SKIP" signature="testTableMT()[pri:0, instance:barley.analytics.datasource.rdbms.mysql.MySQLAnalyticsRecordStoreTest@76505305]" name="testTableMT" duration-ms="0" started-at="2019-08-02T15:33:10Z" finished-at="2019-08-02T15:33:10Z">
          <reporter-output>
          </reporter-output>
        </test-method> <!-- testTableMT -->
        <test-method status="SKIP" signature="destroy()[pri:0, instance:barley.analytics.datasource.rdbms.mysql.MySQLAnalyticsRecordStoreTest@76505305]" name="destroy" is-config="true" duration-ms="0" started-at="2019-08-02T15:33:10Z" finished-at="2019-08-02T15:33:10Z">
          <reporter-output>
          </reporter-output>
        </test-method> <!-- destroy -->
      </class> <!-- barley.analytics.datasource.rdbms.mysql.MySQLAnalyticsRecordStoreTest -->
    </test> <!-- Default test -->
  </suite> <!-- Default suite -->
</testng-results>
